[0.008s] Invoking command in '/home/ahmad/ros_wc/build/new_pkg': CMAKE_PREFIX_PATH=/home/ahmad/ros2_ws/install/mobile_dd_robot:/home/ahmad/ros2_ws/install/my_robot_description:/home/ahmad/ros2_ws/install/fusion360_rviz_package:/opt/ros/humble:/home/ahmad/ros2_ws/install/Basic_Robot_description /usr/bin/cmake /home/ahmad/ros_wc/src/new_pkg -DCMAKE_INSTALL_PREFIX=/home/ahmad/ros_wc/install/new_pkg
[0.130s] -- The C compiler identification is GNU 11.4.0
[0.463s] -- The CXX compiler identification is GNU 11.4.0
[0.691s] -- Detecting C compiler ABI info
[0.806s] -- Detecting C compiler ABI info - done
[0.810s] -- Check for working C compiler: /usr/bin/cc - skipped
[0.812s] -- Detecting C compile features
[0.812s] -- Detecting C compile features - done
[0.815s] -- Detecting CXX compiler ABI info
[0.912s] -- Detecting CXX compiler ABI info - done
[0.917s] -- Check for working CXX compiler: /usr/bin/c++ - skipped
[0.917s] -- Detecting CXX compile features
[0.917s] -- Detecting CXX compile features - done
[0.923s] -- Found ament_cmake: 1.3.10 (/opt/ros/humble/share/ament_cmake/cmake)
[1.032s] -- Found Python3: /usr/bin/python3 (found version "3.10.12") found components: Interpreter 
[1.109s] -- Found ament_lint_auto: 0.12.11 (/opt/ros/humble/share/ament_lint_auto/cmake)
[1.176s] -- Added test 'flake8' to check Python code syntax and style conventions
[1.176s] -- Added test 'lint_cmake' to check CMake code style
[1.177s] -- Added test 'pep257' to check Python code against some of the docstring style conventions in PEP 257
[1.178s] -- Added test 'xmllint' to check XML markup files
[1.180s] -- Configuring done
[1.182s] -- Generating done
[1.182s] -- Build files have been written to: /home/ahmad/ros_wc/build/new_pkg
[1.186s] Invoked command in '/home/ahmad/ros_wc/build/new_pkg' returned '0': CMAKE_PREFIX_PATH=/home/ahmad/ros2_ws/install/mobile_dd_robot:/home/ahmad/ros2_ws/install/my_robot_description:/home/ahmad/ros2_ws/install/fusion360_rviz_package:/opt/ros/humble:/home/ahmad/ros2_ws/install/Basic_Robot_description /usr/bin/cmake /home/ahmad/ros_wc/src/new_pkg -DCMAKE_INSTALL_PREFIX=/home/ahmad/ros_wc/install/new_pkg
[1.187s] Invoking command in '/home/ahmad/ros_wc/build/new_pkg': CMAKE_PREFIX_PATH=/home/ahmad/ros2_ws/install/mobile_dd_robot:/home/ahmad/ros2_ws/install/my_robot_description:/home/ahmad/ros2_ws/install/fusion360_rviz_package:/opt/ros/humble:/home/ahmad/ros2_ws/install/Basic_Robot_description /usr/bin/cmake --build /home/ahmad/ros_wc/build/new_pkg -- -j20 -l20
[1.211s] Invoked command in '/home/ahmad/ros_wc/build/new_pkg' returned '0': CMAKE_PREFIX_PATH=/home/ahmad/ros2_ws/install/mobile_dd_robot:/home/ahmad/ros2_ws/install/my_robot_description:/home/ahmad/ros2_ws/install/fusion360_rviz_package:/opt/ros/humble:/home/ahmad/ros2_ws/install/Basic_Robot_description /usr/bin/cmake --build /home/ahmad/ros_wc/build/new_pkg -- -j20 -l20
[1.231s] Invoking command in '/home/ahmad/ros_wc/build/new_pkg': CMAKE_PREFIX_PATH=/home/ahmad/ros2_ws/install/mobile_dd_robot:/home/ahmad/ros2_ws/install/my_robot_description:/home/ahmad/ros2_ws/install/fusion360_rviz_package:/opt/ros/humble:/home/ahmad/ros2_ws/install/Basic_Robot_description /usr/bin/cmake --install /home/ahmad/ros_wc/build/new_pkg
[1.236s] -- Install configuration: ""
[1.236s] -- Installing: /home/ahmad/ros_wc/install/new_pkg/share/new_pkg/urdf
[1.237s] -- Installing: /home/ahmad/ros_wc/install/new_pkg/share/new_pkg/urdf/robot.urdf.xacro
[1.237s] -- Installing: /home/ahmad/ros_wc/install/new_pkg/share/new_pkg/meshes
[1.237s] -- Installing: /home/ahmad/ros_wc/install/new_pkg/share/new_pkg/meshes/base_link.stl
[1.237s] -- Installing: /home/ahmad/ros_wc/install/new_pkg/share/new_pkg/meshes/lidar.stl
[1.237s] -- Installing: /home/ahmad/ros_wc/install/new_pkg/share/new_pkg/meshes/camera.stl
[1.237s] -- Installing: /home/ahmad/ros_wc/install/new_pkg/share/new_pkg/meshes/left_wheel.stl
[1.237s] -- Installing: /home/ahmad/ros_wc/install/new_pkg/share/new_pkg/meshes/right_wheel.stl
[1.237s] -- Installing: /home/ahmad/ros_wc/install/new_pkg/share/new_pkg/launch
[1.238s] -- Installing: /home/ahmad/ros_wc/install/new_pkg/share/new_pkg/launch/new_launch.py
[1.238s] -- Installing: /home/ahmad/ros_wc/install/new_pkg/share/ament_index/resource_index/package_run_dependencies/new_pkg
[1.238s] -- Installing: /home/ahmad/ros_wc/install/new_pkg/share/ament_index/resource_index/parent_prefix_path/new_pkg
[1.238s] -- Installing: /home/ahmad/ros_wc/install/new_pkg/share/new_pkg/environment/ament_prefix_path.sh
[1.238s] -- Installing: /home/ahmad/ros_wc/install/new_pkg/share/new_pkg/environment/ament_prefix_path.dsv
[1.238s] -- Installing: /home/ahmad/ros_wc/install/new_pkg/share/new_pkg/environment/path.sh
[1.238s] -- Installing: /home/ahmad/ros_wc/install/new_pkg/share/new_pkg/environment/path.dsv
[1.238s] -- Installing: /home/ahmad/ros_wc/install/new_pkg/share/new_pkg/local_setup.bash
[1.238s] -- Installing: /home/ahmad/ros_wc/install/new_pkg/share/new_pkg/local_setup.sh
[1.239s] -- Installing: /home/ahmad/ros_wc/install/new_pkg/share/new_pkg/local_setup.zsh
[1.239s] -- Installing: /home/ahmad/ros_wc/install/new_pkg/share/new_pkg/local_setup.dsv
[1.239s] -- Installing: /home/ahmad/ros_wc/install/new_pkg/share/new_pkg/package.dsv
[1.239s] -- Installing: /home/ahmad/ros_wc/install/new_pkg/share/ament_index/resource_index/packages/new_pkg
[1.239s] -- Installing: /home/ahmad/ros_wc/install/new_pkg/share/new_pkg/cmake/new_pkgConfig.cmake
[1.239s] -- Installing: /home/ahmad/ros_wc/install/new_pkg/share/new_pkg/cmake/new_pkgConfig-version.cmake
[1.239s] -- Installing: /home/ahmad/ros_wc/install/new_pkg/share/new_pkg/package.xml
[1.240s] Invoked command in '/home/ahmad/ros_wc/build/new_pkg' returned '0': CMAKE_PREFIX_PATH=/home/ahmad/ros2_ws/install/mobile_dd_robot:/home/ahmad/ros2_ws/install/my_robot_description:/home/ahmad/ros2_ws/install/fusion360_rviz_package:/opt/ros/humble:/home/ahmad/ros2_ws/install/Basic_Robot_description /usr/bin/cmake --install /home/ahmad/ros_wc/build/new_pkg
