[0.118s] DEBUG:colcon:Command line arguments: ['/usr/bin/colcon', 'list', '-p', '--base-paths', '/home/ahmad/ros']
[0.118s] DEBUG:colcon:Parsed command line arguments: Namespace(log_base=None, log_level=None, verb_name='list', build_base='build', ignore_user_meta=False, metas=['./colcon.meta'], base_paths=['/home/ahmad/ros'], packages_ignore=None, packages_ignore_regex=None, paths=None, packages_up_to=None, packages_up_to_regex=None, packages_above=None, packages_above_and_dependencies=None, packages_above_depth=None, packages_select_by_dep=None, packages_skip_by_dep=None, packages_skip_up_to=None, packages_select_build_failed=False, packages_skip_build_finished=False, packages_select_test_failures=False, packages_skip_test_passed=False, packages_select=None, packages_skip=None, packages_select_regex=None, packages_skip_regex=None, packages_start=None, packages_end=None, allow_overriding=[], topological_order=False, names_only=False, paths_only=True, topological_graph=False, topological_graph_dot=False, topological_graph_density=False, topological_graph_legend=False, topological_graph_dot_cluster=False, topological_graph_dot_include_skipped=False, mixin_files=None, mixin=None, verb_parser=<colcon_mixin.mixin.mixin_argument.MixinArgumentDecorator object at 0x765efe63ea70>, verb_extension=<colcon_package_information.verb.list.ListVerb object at 0x765efe63da20>, main=<bound method ListVerb.main of <colcon_package_information.verb.list.ListVerb object at 0x765efe63da20>>, mixin_verb=('list',))
[0.316s] Level 1:colcon.colcon_core.package_discovery:discover_packages(colcon_meta) check parameters
[0.316s] Level 1:colcon.colcon_core.package_discovery:discover_packages(recursive) check parameters
[0.316s] Level 1:colcon.colcon_core.package_discovery:discover_packages(ignore) check parameters
[0.316s] Level 1:colcon.colcon_core.package_discovery:discover_packages(path) check parameters
[0.316s] Level 1:colcon.colcon_core.package_discovery:discover_packages(recursive) discover
[0.316s] INFO:colcon.colcon_core.package_discovery:Crawling recursively for packages in '/home/ahmad/ros'
[0.316s] Level 1:colcon.colcon_core.package_identification:_identify(/home/ahmad/ros) by extensions ['ignore', 'ignore_ament_install']
[0.316s] Level 1:colcon.colcon_core.package_identification:_identify(/home/ahmad/ros) by extension 'ignore'
[0.316s] Level 1:colcon.colcon_core.package_identification:_identify(/home/ahmad/ros) by extension 'ignore_ament_install'
[0.316s] Level 1:colcon.colcon_core.package_identification:_identify(/home/ahmad/ros) by extensions ['colcon_pkg']
[0.316s] Level 1:colcon.colcon_core.package_identification:_identify(/home/ahmad/ros) by extension 'colcon_pkg'
[0.316s] Level 1:colcon.colcon_core.package_identification:_identify(/home/ahmad/ros) by extensions ['colcon_meta']
[0.316s] Level 1:colcon.colcon_core.package_identification:_identify(/home/ahmad/ros) by extension 'colcon_meta'
[0.316s] Level 1:colcon.colcon_core.package_identification:_identify(/home/ahmad/ros) by extensions ['ros']
[0.317s] Level 1:colcon.colcon_core.package_identification:_identify(/home/ahmad/ros) by extension 'ros'
[0.329s] Level 1:colcon.colcon_core.package_identification:_identify(/home/ahmad/ros) by extensions ['cmake', 'python']
[0.329s] Level 1:colcon.colcon_core.package_identification:_identify(/home/ahmad/ros) by extension 'cmake'
[0.329s] Level 1:colcon.colcon_core.package_identification:_identify(/home/ahmad/ros) by extension 'python'
[0.330s] Level 1:colcon.colcon_core.package_identification:_identify(/home/ahmad/ros) by extensions ['python_setup_py']
[0.330s] Level 1:colcon.colcon_core.package_identification:_identify(/home/ahmad/ros) by extension 'python_setup_py'
[0.330s] Level 1:colcon.colcon_core.package_identification:_identify(/home/ahmad/ros/build) by extensions ['ignore', 'ignore_ament_install']
[0.330s] Level 1:colcon.colcon_core.package_identification:_identify(/home/ahmad/ros/build) by extension 'ignore'
[0.330s] Level 1:colcon.colcon_core.package_identification:_identify(/home/ahmad/ros/build) ignored
[0.330s] Level 1:colcon.colcon_core.package_identification:_identify(/home/ahmad/ros/install) by extensions ['ignore', 'ignore_ament_install']
[0.330s] Level 1:colcon.colcon_core.package_identification:_identify(/home/ahmad/ros/install) by extension 'ignore'
[0.330s] Level 1:colcon.colcon_core.package_identification:_identify(/home/ahmad/ros/install) ignored
[0.330s] Level 1:colcon.colcon_core.package_identification:_identify(/home/ahmad/ros/log) by extensions ['ignore', 'ignore_ament_install']
[0.330s] Level 1:colcon.colcon_core.package_identification:_identify(/home/ahmad/ros/log) by extension 'ignore'
[0.330s] Level 1:colcon.colcon_core.package_identification:_identify(/home/ahmad/ros/log) ignored
[0.331s] Level 1:colcon.colcon_core.package_identification:_identify(/home/ahmad/ros/src) by extensions ['ignore', 'ignore_ament_install']
[0.331s] Level 1:colcon.colcon_core.package_identification:_identify(/home/ahmad/ros/src) by extension 'ignore'
[0.331s] Level 1:colcon.colcon_core.package_identification:_identify(/home/ahmad/ros/src) by extension 'ignore_ament_install'
[0.331s] Level 1:colcon.colcon_core.package_identification:_identify(/home/ahmad/ros/src) by extensions ['colcon_pkg']
[0.331s] Level 1:colcon.colcon_core.package_identification:_identify(/home/ahmad/ros/src) by extension 'colcon_pkg'
[0.331s] Level 1:colcon.colcon_core.package_identification:_identify(/home/ahmad/ros/src) by extensions ['colcon_meta']
[0.331s] Level 1:colcon.colcon_core.package_identification:_identify(/home/ahmad/ros/src) by extension 'colcon_meta'
[0.331s] Level 1:colcon.colcon_core.package_identification:_identify(/home/ahmad/ros/src) by extensions ['ros']
[0.331s] Level 1:colcon.colcon_core.package_identification:_identify(/home/ahmad/ros/src) by extension 'ros'
[0.331s] Level 1:colcon.colcon_core.package_identification:_identify(/home/ahmad/ros/src) by extensions ['cmake', 'python']
[0.331s] Level 1:colcon.colcon_core.package_identification:_identify(/home/ahmad/ros/src) by extension 'cmake'
[0.331s] Level 1:colcon.colcon_core.package_identification:_identify(/home/ahmad/ros/src) by extension 'python'
[0.331s] Level 1:colcon.colcon_core.package_identification:_identify(/home/ahmad/ros/src) by extensions ['python_setup_py']
[0.331s] Level 1:colcon.colcon_core.package_identification:_identify(/home/ahmad/ros/src) by extension 'python_setup_py'
[0.331s] Level 1:colcon.colcon_core.package_identification:_identify(/home/ahmad/ros/src/new_pkg) by extensions ['ignore', 'ignore_ament_install']
[0.332s] Level 1:colcon.colcon_core.package_identification:_identify(/home/ahmad/ros/src/new_pkg) by extension 'ignore'
[0.332s] Level 1:colcon.colcon_core.package_identification:_identify(/home/ahmad/ros/src/new_pkg) by extension 'ignore_ament_install'
[0.332s] Level 1:colcon.colcon_core.package_identification:_identify(/home/ahmad/ros/src/new_pkg) by extensions ['colcon_pkg']
[0.332s] Level 1:colcon.colcon_core.package_identification:_identify(/home/ahmad/ros/src/new_pkg) by extension 'colcon_pkg'
[0.332s] Level 1:colcon.colcon_core.package_identification:_identify(/home/ahmad/ros/src/new_pkg) by extensions ['colcon_meta']
[0.332s] Level 1:colcon.colcon_core.package_identification:_identify(/home/ahmad/ros/src/new_pkg) by extension 'colcon_meta'
[0.332s] Level 1:colcon.colcon_core.package_identification:_identify(/home/ahmad/ros/src/new_pkg) by extensions ['ros']
[0.332s] Level 1:colcon.colcon_core.package_identification:_identify(/home/ahmad/ros/src/new_pkg) by extension 'ros'
[0.335s] DEBUG:colcon.colcon_core.package_identification:Package '/home/ahmad/ros/src/new_pkg' with type 'ros.ament_cmake' and name 'new_pkg'
[0.335s] Level 1:colcon.colcon_core.package_identification:_identify(/home/ahmad/ros/src/node_pkg) by extensions ['ignore', 'ignore_ament_install']
[0.335s] Level 1:colcon.colcon_core.package_identification:_identify(/home/ahmad/ros/src/node_pkg) by extension 'ignore'
[0.335s] Level 1:colcon.colcon_core.package_identification:_identify(/home/ahmad/ros/src/node_pkg) by extension 'ignore_ament_install'
[0.335s] Level 1:colcon.colcon_core.package_identification:_identify(/home/ahmad/ros/src/node_pkg) by extensions ['colcon_pkg']
[0.335s] Level 1:colcon.colcon_core.package_identification:_identify(/home/ahmad/ros/src/node_pkg) by extension 'colcon_pkg'
[0.335s] Level 1:colcon.colcon_core.package_identification:_identify(/home/ahmad/ros/src/node_pkg) by extensions ['colcon_meta']
[0.335s] Level 1:colcon.colcon_core.package_identification:_identify(/home/ahmad/ros/src/node_pkg) by extension 'colcon_meta'
[0.335s] Level 1:colcon.colcon_core.package_identification:_identify(/home/ahmad/ros/src/node_pkg) by extensions ['ros']
[0.335s] Level 1:colcon.colcon_core.package_identification:_identify(/home/ahmad/ros/src/node_pkg) by extension 'ros'
[0.336s] DEBUG:colcon.colcon_core.package_identification:Package '/home/ahmad/ros/src/node_pkg' with type 'ros.ament_python' and name 'node_pkg'
[0.336s] Level 1:colcon.colcon_core.package_discovery:discover_packages(recursive) using defaults
