[0.096s] DEBUG:colcon:Command line arguments: ['/usr/bin/colcon', 'build']
[0.096s] DEBUG:colcon:Parsed command line arguments: Namespace(log_base=None, log_level=None, verb_name='build', build_base='build', install_base='install', merge_install=False, symlink_install=False, test_result_base=None, continue_on_error=False, executor='parallel', parallel_workers=20, event_handlers=None, ignore_user_meta=False, metas=['./colcon.meta'], base_paths=['.'], packages_ignore=None, packages_ignore_regex=None, paths=None, packages_up_to=None, packages_up_to_regex=None, packages_above=None, packages_above_and_dependencies=None, packages_above_depth=None, packages_select_by_dep=None, packages_skip_by_dep=None, packages_skip_up_to=None, packages_select_build_failed=False, packages_skip_build_finished=False, packages_select_test_failures=False, packages_skip_test_passed=False, packages_select=None, packages_skip=None, packages_select_regex=None, packages_skip_regex=None, packages_start=None, packages_end=None, allow_overriding=[], cmake_args=None, cmake_target=None, cmake_target_skip_unavailable=False, cmake_clean_cache=False, cmake_clean_first=False, cmake_force_configure=False, ament_cmake_args=None, catkin_cmake_args=None, catkin_skip_building_tests=False, mixin_files=None, mixin=None, verb_parser=<colcon_mixin.mixin.mixin_argument.MixinArgumentDecorator object at 0x7a1e39fb9f60>, verb_extension=<colcon_core.verb.build.BuildVerb object at 0x7a1e3a0aa6e0>, main=<bound method BuildVerb.main of <colcon_core.verb.build.BuildVerb object at 0x7a1e3a0aa6e0>>, mixin_verb=('build',))
[0.243s] Level 1:colcon.colcon_core.package_discovery:discover_packages(colcon_meta) check parameters
[0.243s] Level 1:colcon.colcon_core.package_discovery:discover_packages(recursive) check parameters
[0.243s] Level 1:colcon.colcon_core.package_discovery:discover_packages(ignore) check parameters
[0.243s] Level 1:colcon.colcon_core.package_discovery:discover_packages(path) check parameters
[0.243s] Level 1:colcon.colcon_core.package_discovery:discover_packages(colcon_meta) discover
[0.243s] Level 1:colcon.colcon_core.package_discovery:discover_packages(recursive) discover
[0.244s] INFO:colcon.colcon_core.package_discovery:Crawling recursively for packages in '/home/ahmad/ros'
[0.244s] Level 1:colcon.colcon_core.package_identification:_identify(.) by extensions ['ignore', 'ignore_ament_install']
[0.244s] Level 1:colcon.colcon_core.package_identification:_identify(.) by extension 'ignore'
[0.244s] Level 1:colcon.colcon_core.package_identification:_identify(.) by extension 'ignore_ament_install'
[0.244s] Level 1:colcon.colcon_core.package_identification:_identify(.) by extensions ['colcon_pkg']
[0.244s] Level 1:colcon.colcon_core.package_identification:_identify(.) by extension 'colcon_pkg'
[0.244s] Level 1:colcon.colcon_core.package_identification:_identify(.) by extensions ['colcon_meta']
[0.244s] Level 1:colcon.colcon_core.package_identification:_identify(.) by extension 'colcon_meta'
[0.244s] Level 1:colcon.colcon_core.package_identification:_identify(.) by extensions ['ros']
[0.244s] Level 1:colcon.colcon_core.package_identification:_identify(.) by extension 'ros'
[0.254s] Level 1:colcon.colcon_core.package_identification:_identify(.) by extensions ['cmake', 'python']
[0.254s] Level 1:colcon.colcon_core.package_identification:_identify(.) by extension 'cmake'
[0.254s] Level 1:colcon.colcon_core.package_identification:_identify(.) by extension 'python'
[0.254s] Level 1:colcon.colcon_core.package_identification:_identify(.) by extensions ['python_setup_py']
[0.254s] Level 1:colcon.colcon_core.package_identification:_identify(.) by extension 'python_setup_py'
[0.254s] Level 1:colcon.colcon_core.package_identification:_identify(build) by extensions ['ignore', 'ignore_ament_install']
[0.254s] Level 1:colcon.colcon_core.package_identification:_identify(build) by extension 'ignore'
[0.255s] Level 1:colcon.colcon_core.package_identification:_identify(build) ignored
[0.255s] Level 1:colcon.colcon_core.package_identification:_identify(install) by extensions ['ignore', 'ignore_ament_install']
[0.255s] Level 1:colcon.colcon_core.package_identification:_identify(install) by extension 'ignore'
[0.255s] Level 1:colcon.colcon_core.package_identification:_identify(install) ignored
[0.255s] Level 1:colcon.colcon_core.package_identification:_identify(log) by extensions ['ignore', 'ignore_ament_install']
[0.255s] Level 1:colcon.colcon_core.package_identification:_identify(log) by extension 'ignore'
[0.255s] Level 1:colcon.colcon_core.package_identification:_identify(log) ignored
[0.255s] Level 1:colcon.colcon_core.package_identification:_identify(src) by extensions ['ignore', 'ignore_ament_install']
[0.255s] Level 1:colcon.colcon_core.package_identification:_identify(src) by extension 'ignore'
[0.255s] Level 1:colcon.colcon_core.package_identification:_identify(src) by extension 'ignore_ament_install'
[0.255s] Level 1:colcon.colcon_core.package_identification:_identify(src) by extensions ['colcon_pkg']
[0.255s] Level 1:colcon.colcon_core.package_identification:_identify(src) by extension 'colcon_pkg'
[0.255s] Level 1:colcon.colcon_core.package_identification:_identify(src) by extensions ['colcon_meta']
[0.255s] Level 1:colcon.colcon_core.package_identification:_identify(src) by extension 'colcon_meta'
[0.255s] Level 1:colcon.colcon_core.package_identification:_identify(src) by extensions ['ros']
[0.255s] Level 1:colcon.colcon_core.package_identification:_identify(src) by extension 'ros'
[0.255s] Level 1:colcon.colcon_core.package_identification:_identify(src) by extensions ['cmake', 'python']
[0.255s] Level 1:colcon.colcon_core.package_identification:_identify(src) by extension 'cmake'
[0.256s] Level 1:colcon.colcon_core.package_identification:_identify(src) by extension 'python'
[0.256s] Level 1:colcon.colcon_core.package_identification:_identify(src) by extensions ['python_setup_py']
[0.256s] Level 1:colcon.colcon_core.package_identification:_identify(src) by extension 'python_setup_py'
[0.256s] Level 1:colcon.colcon_core.package_identification:_identify(src/new_pkg) by extensions ['ignore', 'ignore_ament_install']
[0.256s] Level 1:colcon.colcon_core.package_identification:_identify(src/new_pkg) by extension 'ignore'
[0.256s] Level 1:colcon.colcon_core.package_identification:_identify(src/new_pkg) by extension 'ignore_ament_install'
[0.256s] Level 1:colcon.colcon_core.package_identification:_identify(src/new_pkg) by extensions ['colcon_pkg']
[0.256s] Level 1:colcon.colcon_core.package_identification:_identify(src/new_pkg) by extension 'colcon_pkg'
[0.256s] Level 1:colcon.colcon_core.package_identification:_identify(src/new_pkg) by extensions ['colcon_meta']
[0.256s] Level 1:colcon.colcon_core.package_identification:_identify(src/new_pkg) by extension 'colcon_meta'
[0.256s] Level 1:colcon.colcon_core.package_identification:_identify(src/new_pkg) by extensions ['ros']
[0.256s] Level 1:colcon.colcon_core.package_identification:_identify(src/new_pkg) by extension 'ros'
[0.258s] DEBUG:colcon.colcon_core.package_identification:Package 'src/new_pkg' with type 'ros.ament_cmake' and name 'new_pkg'
[0.258s] Level 1:colcon.colcon_core.package_identification:_identify(src/node_pkg) by extensions ['ignore', 'ignore_ament_install']
[0.258s] Level 1:colcon.colcon_core.package_identification:_identify(src/node_pkg) by extension 'ignore'
[0.258s] Level 1:colcon.colcon_core.package_identification:_identify(src/node_pkg) by extension 'ignore_ament_install'
[0.258s] Level 1:colcon.colcon_core.package_identification:_identify(src/node_pkg) by extensions ['colcon_pkg']
[0.258s] Level 1:colcon.colcon_core.package_identification:_identify(src/node_pkg) by extension 'colcon_pkg'
[0.258s] Level 1:colcon.colcon_core.package_identification:_identify(src/node_pkg) by extensions ['colcon_meta']
[0.259s] Level 1:colcon.colcon_core.package_identification:_identify(src/node_pkg) by extension 'colcon_meta'
[0.259s] Level 1:colcon.colcon_core.package_identification:_identify(src/node_pkg) by extensions ['ros']
[0.259s] Level 1:colcon.colcon_core.package_identification:_identify(src/node_pkg) by extension 'ros'
[0.259s] DEBUG:colcon.colcon_core.package_identification:Package 'src/node_pkg' with type 'ros.ament_python' and name 'node_pkg'
[0.259s] Level 1:colcon.colcon_core.package_discovery:discover_packages(recursive) using defaults
[0.259s] Level 1:colcon.colcon_core.package_discovery:discover_packages(ignore) discover
[0.259s] Level 1:colcon.colcon_core.package_discovery:discover_packages(ignore) using defaults
[0.259s] Level 1:colcon.colcon_core.package_discovery:discover_packages(path) discover
[0.259s] Level 1:colcon.colcon_core.package_discovery:discover_packages(path) using defaults
[0.284s] Level 1:colcon.colcon_core.package_discovery:discover_packages(prefix_path) check parameters
[0.284s] Level 1:colcon.colcon_core.package_discovery:discover_packages(prefix_path) discover
[0.285s] DEBUG:colcon.colcon_installed_package_information.package_discovery:Found 2 installed packages in /home/ahmad/ros/install
[0.287s] DEBUG:colcon.colcon_installed_package_information.package_discovery:Found 278 installed packages in /opt/ros/humble
[0.288s] Level 1:colcon.colcon_core.package_discovery:discover_packages(prefix_path) using defaults
[0.323s] Level 5:colcon.colcon_core.verb:set package 'new_pkg' build argument 'cmake_args' from command line to 'None'
[0.323s] Level 5:colcon.colcon_core.verb:set package 'new_pkg' build argument 'cmake_target' from command line to 'None'
[0.323s] Level 5:colcon.colcon_core.verb:set package 'new_pkg' build argument 'cmake_target_skip_unavailable' from command line to 'False'
[0.323s] Level 5:colcon.colcon_core.verb:set package 'new_pkg' build argument 'cmake_clean_cache' from command line to 'False'
[0.323s] Level 5:colcon.colcon_core.verb:set package 'new_pkg' build argument 'cmake_clean_first' from command line to 'False'
[0.323s] Level 5:colcon.colcon_core.verb:set package 'new_pkg' build argument 'cmake_force_configure' from command line to 'False'
[0.323s] Level 5:colcon.colcon_core.verb:set package 'new_pkg' build argument 'ament_cmake_args' from command line to 'None'
[0.323s] Level 5:colcon.colcon_core.verb:set package 'new_pkg' build argument 'catkin_cmake_args' from command line to 'None'
[0.323s] Level 5:colcon.colcon_core.verb:set package 'new_pkg' build argument 'catkin_skip_building_tests' from command line to 'False'
[0.323s] DEBUG:colcon.colcon_core.verb:Building package 'new_pkg' with the following arguments: {'ament_cmake_args': None, 'build_base': '/home/ahmad/ros/build/new_pkg', 'catkin_cmake_args': None, 'catkin_skip_building_tests': False, 'cmake_args': None, 'cmake_clean_cache': False, 'cmake_clean_first': False, 'cmake_force_configure': False, 'cmake_target': None, 'cmake_target_skip_unavailable': False, 'install_base': '/home/ahmad/ros/install/new_pkg', 'merge_install': False, 'path': '/home/ahmad/ros/src/new_pkg', 'symlink_install': False, 'test_result_base': None}
[0.324s] Level 5:colcon.colcon_core.verb:set package 'node_pkg' build argument 'cmake_args' from command line to 'None'
[0.324s] Level 5:colcon.colcon_core.verb:set package 'node_pkg' build argument 'cmake_target' from command line to 'None'
[0.324s] Level 5:colcon.colcon_core.verb:set package 'node_pkg' build argument 'cmake_target_skip_unavailable' from command line to 'False'
[0.324s] Level 5:colcon.colcon_core.verb:set package 'node_pkg' build argument 'cmake_clean_cache' from command line to 'False'
[0.324s] Level 5:colcon.colcon_core.verb:set package 'node_pkg' build argument 'cmake_clean_first' from command line to 'False'
[0.324s] Level 5:colcon.colcon_core.verb:set package 'node_pkg' build argument 'cmake_force_configure' from command line to 'False'
[0.324s] Level 5:colcon.colcon_core.verb:set package 'node_pkg' build argument 'ament_cmake_args' from command line to 'None'
[0.324s] Level 5:colcon.colcon_core.verb:set package 'node_pkg' build argument 'catkin_cmake_args' from command line to 'None'
[0.324s] Level 5:colcon.colcon_core.verb:set package 'node_pkg' build argument 'catkin_skip_building_tests' from command line to 'False'
[0.324s] DEBUG:colcon.colcon_core.verb:Building package 'node_pkg' with the following arguments: {'ament_cmake_args': None, 'build_base': '/home/ahmad/ros/build/node_pkg', 'catkin_cmake_args': None, 'catkin_skip_building_tests': False, 'cmake_args': None, 'cmake_clean_cache': False, 'cmake_clean_first': False, 'cmake_force_configure': False, 'cmake_target': None, 'cmake_target_skip_unavailable': False, 'install_base': '/home/ahmad/ros/install/node_pkg', 'merge_install': False, 'path': '/home/ahmad/ros/src/node_pkg', 'symlink_install': False, 'test_result_base': None}
[0.324s] INFO:colcon.colcon_core.executor:Executing jobs using 'parallel' executor
[0.325s] DEBUG:colcon.colcon_parallel_executor.executor.parallel:run_until_complete
[0.325s] INFO:colcon.colcon_ros.task.ament_cmake.build:Building ROS package in '/home/ahmad/ros/src/new_pkg' with build type 'ament_cmake'
[0.325s] INFO:colcon.colcon_cmake.task.cmake.build:Building CMake package in '/home/ahmad/ros/src/new_pkg'
[0.327s] INFO:colcon.colcon_core.plugin_system:Skipping extension 'colcon_core.shell.bat': Not used on non-Windows systems
[0.327s] INFO:colcon.colcon_core.shell:Skip shell extension 'powershell' for command environment: Not usable outside of PowerShell
[0.327s] DEBUG:colcon.colcon_core.shell:Skip shell extension 'dsv' for command environment
[0.330s] INFO:colcon.colcon_ros.task.ament_python.build:Building ROS package in '/home/ahmad/ros/src/node_pkg' with build type 'ament_python'
[0.331s] Level 1:colcon.colcon_core.shell:create_environment_hook('node_pkg', 'ament_prefix_path')
[0.331s] INFO:colcon.colcon_core.shell:Creating environment hook '/home/ahmad/ros/install/node_pkg/share/node_pkg/hook/ament_prefix_path.ps1'
[0.331s] INFO:colcon.colcon_core.shell:Creating environment descriptor '/home/ahmad/ros/install/node_pkg/share/node_pkg/hook/ament_prefix_path.dsv'
[0.332s] INFO:colcon.colcon_core.shell:Creating environment hook '/home/ahmad/ros/install/node_pkg/share/node_pkg/hook/ament_prefix_path.sh'
[0.332s] INFO:colcon.colcon_core.shell:Skip shell extension 'powershell' for command environment: Not usable outside of PowerShell
[0.333s] DEBUG:colcon.colcon_core.shell:Skip shell extension 'dsv' for command environment
[0.340s] DEBUG:colcon.colcon_core.event_handler.log_command:Invoking command in '/home/ahmad/ros/build/new_pkg': CMAKE_PREFIX_PATH=${CMAKE_PREFIX_PATH}:/home/ahmad/ros/install/node_pkg:/opt/ros/humble /usr/bin/cmake --build /home/ahmad/ros/build/new_pkg -- -j20 -l20
[0.562s] INFO:colcon.colcon_core.task.python.build:Building Python package in '/home/ahmad/ros/src/node_pkg'
[0.562s] INFO:colcon.colcon_core.shell:Skip shell extension 'powershell' for command environment: Not usable outside of PowerShell
[0.562s] DEBUG:colcon.colcon_core.shell:Skip shell extension 'dsv' for command environment
[0.567s] DEBUG:colcon.colcon_core.event_handler.log_command:Invoked command in '/home/ahmad/ros/build/new_pkg' returned '0': CMAKE_PREFIX_PATH=${CMAKE_PREFIX_PATH}:/home/ahmad/ros/install/node_pkg:/opt/ros/humble /usr/bin/cmake --build /home/ahmad/ros/build/new_pkg -- -j20 -l20
[0.590s] DEBUG:colcon.colcon_core.event_handler.log_command:Invoking command in '/home/ahmad/ros/build/new_pkg': CMAKE_PREFIX_PATH=${CMAKE_PREFIX_PATH}:/home/ahmad/ros/install/node_pkg:/opt/ros/humble /usr/bin/cmake --install /home/ahmad/ros/build/new_pkg
[0.599s] Level 1:colcon.colcon_core.environment:create_environment_scripts_only(new_pkg)
[0.599s] DEBUG:colcon.colcon_core.event_handler.log_command:Invoked command in '/home/ahmad/ros/build/new_pkg' returned '0': CMAKE_PREFIX_PATH=${CMAKE_PREFIX_PATH}:/home/ahmad/ros/install/node_pkg:/opt/ros/humble /usr/bin/cmake --install /home/ahmad/ros/build/new_pkg
[0.601s] Level 1:colcon.colcon_core.environment:checking '/home/ahmad/ros/install/new_pkg' for CMake module files
[0.602s] Level 1:colcon.colcon_core.environment:checking '/home/ahmad/ros/install/new_pkg' for CMake config files
[0.602s] Level 1:colcon.colcon_core.shell:create_environment_hook('new_pkg', 'cmake_prefix_path')
[0.602s] INFO:colcon.colcon_core.shell:Creating environment hook '/home/ahmad/ros/install/new_pkg/share/new_pkg/hook/cmake_prefix_path.ps1'
[0.602s] INFO:colcon.colcon_core.shell:Creating environment descriptor '/home/ahmad/ros/install/new_pkg/share/new_pkg/hook/cmake_prefix_path.dsv'
[0.603s] INFO:colcon.colcon_core.shell:Creating environment hook '/home/ahmad/ros/install/new_pkg/share/new_pkg/hook/cmake_prefix_path.sh'
[0.603s] Level 1:colcon.colcon_core.environment:checking '/home/ahmad/ros/install/new_pkg/bin'
[0.603s] Level 1:colcon.colcon_core.environment:checking '/home/ahmad/ros/install/new_pkg/lib/pkgconfig/new_pkg.pc'
[0.604s] Level 1:colcon.colcon_core.environment:checking '/home/ahmad/ros/install/new_pkg/lib/python3.10/site-packages'
[0.604s] Level 1:colcon.colcon_core.environment:checking '/home/ahmad/ros/install/new_pkg/bin'
[0.604s] INFO:colcon.colcon_core.shell:Creating package script '/home/ahmad/ros/install/new_pkg/share/new_pkg/package.ps1'
[0.605s] INFO:colcon.colcon_core.shell:Creating package descriptor '/home/ahmad/ros/install/new_pkg/share/new_pkg/package.dsv'
[0.605s] INFO:colcon.colcon_core.shell:Creating package script '/home/ahmad/ros/install/new_pkg/share/new_pkg/package.sh'
[0.606s] INFO:colcon.colcon_core.shell:Creating package script '/home/ahmad/ros/install/new_pkg/share/new_pkg/package.bash'
[0.607s] INFO:colcon.colcon_core.shell:Creating package script '/home/ahmad/ros/install/new_pkg/share/new_pkg/package.zsh'
[0.607s] Level 1:colcon.colcon_core.environment:create_file_with_runtime_dependencies(/home/ahmad/ros/install/new_pkg/share/colcon-core/packages/new_pkg)
[0.624s] Level 1:colcon.colcon_core.environment:create_environment_scripts_only(new_pkg)
[0.625s] Level 1:colcon.colcon_core.environment:checking '/home/ahmad/ros/install/new_pkg' for CMake module files
[0.625s] Level 1:colcon.colcon_core.environment:checking '/home/ahmad/ros/install/new_pkg' for CMake config files
[0.625s] Level 1:colcon.colcon_core.shell:create_environment_hook('new_pkg', 'cmake_prefix_path')
[0.626s] INFO:colcon.colcon_core.shell:Creating environment hook '/home/ahmad/ros/install/new_pkg/share/new_pkg/hook/cmake_prefix_path.ps1'
[0.626s] INFO:colcon.colcon_core.shell:Creating environment descriptor '/home/ahmad/ros/install/new_pkg/share/new_pkg/hook/cmake_prefix_path.dsv'
[0.626s] INFO:colcon.colcon_core.shell:Creating environment hook '/home/ahmad/ros/install/new_pkg/share/new_pkg/hook/cmake_prefix_path.sh'
[0.627s] Level 1:colcon.colcon_core.environment:checking '/home/ahmad/ros/install/new_pkg/bin'
[0.627s] Level 1:colcon.colcon_core.environment:checking '/home/ahmad/ros/install/new_pkg/lib/pkgconfig/new_pkg.pc'
[0.627s] Level 1:colcon.colcon_core.environment:checking '/home/ahmad/ros/install/new_pkg/lib/python3.10/site-packages'
[0.627s] Level 1:colcon.colcon_core.environment:checking '/home/ahmad/ros/install/new_pkg/bin'
[0.628s] INFO:colcon.colcon_core.shell:Creating package script '/home/ahmad/ros/install/new_pkg/share/new_pkg/package.ps1'
[0.628s] INFO:colcon.colcon_core.shell:Creating package descriptor '/home/ahmad/ros/install/new_pkg/share/new_pkg/package.dsv'
[0.629s] INFO:colcon.colcon_core.shell:Creating package script '/home/ahmad/ros/install/new_pkg/share/new_pkg/package.sh'
[0.629s] INFO:colcon.colcon_core.shell:Creating package script '/home/ahmad/ros/install/new_pkg/share/new_pkg/package.bash'
[0.629s] INFO:colcon.colcon_core.shell:Creating package script '/home/ahmad/ros/install/new_pkg/share/new_pkg/package.zsh'
[0.630s] Level 1:colcon.colcon_core.environment:create_file_with_runtime_dependencies(/home/ahmad/ros/install/new_pkg/share/colcon-core/packages/new_pkg)
[0.863s] DEBUG:colcon.colcon_core.event_handler.log_command:Invoking command in '/home/ahmad/ros/src/node_pkg': PYTHONPATH=/home/ahmad/ros/build/node_pkg/prefix_override:/usr/lib/python3/dist-packages/colcon_core/task/python/colcon_distutils_commands:/home/ahmad/ros/install/node_pkg/lib/python3.10/site-packages:${PYTHONPATH} /usr/bin/python3 -W ignore:setup.py install is deprecated setup.py egg_info --egg-base ../../build/node_pkg build --build-base /home/ahmad/ros/build/node_pkg/build install --record /home/ahmad/ros/build/node_pkg/install.log --single-version-externally-managed install_data
[1.114s] Level 1:colcon.colcon_core.environment:checking '/home/ahmad/ros/install/node_pkg' for CMake module files
[1.115s] DEBUG:colcon.colcon_core.event_handler.log_command:Invoked command in '/home/ahmad/ros/src/node_pkg' returned '0': PYTHONPATH=/home/ahmad/ros/build/node_pkg/prefix_override:/usr/lib/python3/dist-packages/colcon_core/task/python/colcon_distutils_commands:/home/ahmad/ros/install/node_pkg/lib/python3.10/site-packages:${PYTHONPATH} /usr/bin/python3 -W ignore:setup.py install is deprecated setup.py egg_info --egg-base ../../build/node_pkg build --build-base /home/ahmad/ros/build/node_pkg/build install --record /home/ahmad/ros/build/node_pkg/install.log --single-version-externally-managed install_data
[1.116s] Level 1:colcon.colcon_core.environment:checking '/home/ahmad/ros/install/node_pkg' for CMake config files
[1.116s] Level 1:colcon.colcon_core.environment:checking '/home/ahmad/ros/install/node_pkg/lib'
[1.116s] Level 1:colcon.colcon_core.environment:checking '/home/ahmad/ros/install/node_pkg/bin'
[1.116s] Level 1:colcon.colcon_core.environment:checking '/home/ahmad/ros/install/node_pkg/lib/pkgconfig/node_pkg.pc'
[1.117s] Level 1:colcon.colcon_core.environment:checking '/home/ahmad/ros/install/node_pkg/lib/python3.10/site-packages'
[1.117s] Level 1:colcon.colcon_core.shell:create_environment_hook('node_pkg', 'pythonpath')
[1.117s] INFO:colcon.colcon_core.shell:Creating environment hook '/home/ahmad/ros/install/node_pkg/share/node_pkg/hook/pythonpath.ps1'
[1.117s] INFO:colcon.colcon_core.shell:Creating environment descriptor '/home/ahmad/ros/install/node_pkg/share/node_pkg/hook/pythonpath.dsv'
[1.118s] INFO:colcon.colcon_core.shell:Creating environment hook '/home/ahmad/ros/install/node_pkg/share/node_pkg/hook/pythonpath.sh'
[1.118s] Level 1:colcon.colcon_core.environment:checking '/home/ahmad/ros/install/node_pkg/bin'
[1.118s] Level 1:colcon.colcon_core.environment:create_environment_scripts_only(node_pkg)
[1.118s] INFO:colcon.colcon_core.shell:Creating package script '/home/ahmad/ros/install/node_pkg/share/node_pkg/package.ps1'
[1.119s] INFO:colcon.colcon_core.shell:Creating package descriptor '/home/ahmad/ros/install/node_pkg/share/node_pkg/package.dsv'
[1.119s] INFO:colcon.colcon_core.shell:Creating package script '/home/ahmad/ros/install/node_pkg/share/node_pkg/package.sh'
[1.120s] INFO:colcon.colcon_core.shell:Creating package script '/home/ahmad/ros/install/node_pkg/share/node_pkg/package.bash'
[1.120s] INFO:colcon.colcon_core.shell:Creating package script '/home/ahmad/ros/install/node_pkg/share/node_pkg/package.zsh'
[1.120s] Level 1:colcon.colcon_core.environment:create_file_with_runtime_dependencies(/home/ahmad/ros/install/node_pkg/share/colcon-core/packages/node_pkg)
[1.121s] DEBUG:colcon.colcon_parallel_executor.executor.parallel:closing loop
[1.121s] DEBUG:colcon.colcon_parallel_executor.executor.parallel:loop closed
[1.121s] DEBUG:colcon.colcon_parallel_executor.executor.parallel:run_until_complete finished with '0'
[1.121s] DEBUG:colcon.colcon_core.event_reactor:joining thread
[1.129s] INFO:colcon.colcon_core.plugin_system:Skipping extension 'colcon_notification.desktop_notification.terminal_notifier': Not used on non-Darwin systems
[1.129s] INFO:colcon.colcon_core.plugin_system:Skipping extension 'colcon_notification.desktop_notification.win32': Not used on non-Windows systems
[1.129s] INFO:colcon.colcon_notification.desktop_notification:Sending desktop notification using 'notify2'
[1.152s] DEBUG:colcon.colcon_core.event_reactor:joined thread
[1.153s] INFO:colcon.colcon_core.shell:Creating prefix script '/home/ahmad/ros/install/local_setup.ps1'
[1.155s] INFO:colcon.colcon_core.shell:Creating prefix util module '/home/ahmad/ros/install/_local_setup_util_ps1.py'
[1.157s] INFO:colcon.colcon_core.shell:Creating prefix chain script '/home/ahmad/ros/install/setup.ps1'
[1.158s] INFO:colcon.colcon_core.shell:Creating prefix script '/home/ahmad/ros/install/local_setup.sh'
[1.159s] INFO:colcon.colcon_core.shell:Creating prefix util module '/home/ahmad/ros/install/_local_setup_util_sh.py'
[1.159s] INFO:colcon.colcon_core.shell:Creating prefix chain script '/home/ahmad/ros/install/setup.sh'
[1.160s] INFO:colcon.colcon_core.shell:Creating prefix script '/home/ahmad/ros/install/local_setup.bash'
[1.161s] INFO:colcon.colcon_core.shell:Creating prefix chain script '/home/ahmad/ros/install/setup.bash'
[1.161s] INFO:colcon.colcon_core.shell:Creating prefix script '/home/ahmad/ros/install/local_setup.zsh'
[1.162s] INFO:colcon.colcon_core.shell:Creating prefix chain script '/home/ahmad/ros/install/setup.zsh'
