[0.532s] Invoking command in '/home/ahmad/ros/src/node_pkg': PYTHONPATH=/home/ahmad/ros/build/node_pkg/prefix_override:/usr/lib/python3/dist-packages/colcon_core/task/python/colcon_distutils_commands:/home/ahmad/ros/install/node_pkg/lib/python3.10/site-packages:${PYTHONPATH} /usr/bin/python3 -W ignore:setup.py install is deprecated setup.py egg_info --egg-base ../../build/node_pkg build --build-base /home/ahmad/ros/build/node_pkg/build install --record /home/ahmad/ros/build/node_pkg/install.log --single-version-externally-managed install_data
[0.739s] running egg_info
[0.739s] writing ../../build/node_pkg/node_pkg.egg-info/PKG-INFO
[0.739s] writing dependency_links to ../../build/node_pkg/node_pkg.egg-info/dependency_links.txt
[0.740s] writing entry points to ../../build/node_pkg/node_pkg.egg-info/entry_points.txt
[0.740s] writing requirements to ../../build/node_pkg/node_pkg.egg-info/requires.txt
[0.740s] writing top-level names to ../../build/node_pkg/node_pkg.egg-info/top_level.txt
[0.741s] reading manifest file '../../build/node_pkg/node_pkg.egg-info/SOURCES.txt'
[0.742s] writing manifest file '../../build/node_pkg/node_pkg.egg-info/SOURCES.txt'
[0.742s] running build
[0.742s] running build_py
[0.742s] running install
[0.743s] running install_lib
[0.744s] running install_data
[0.744s] running install_egg_info
[0.745s] removing '/home/ahmad/ros/install/node_pkg/lib/python3.10/site-packages/node_pkg-0.0.0-py3.10.egg-info' (and everything under it)
[0.745s] Copying ../../build/node_pkg/node_pkg.egg-info to /home/ahmad/ros/install/node_pkg/lib/python3.10/site-packages/node_pkg-0.0.0-py3.10.egg-info
[0.746s] running install_scripts
[0.764s] Installing draw_circle script to /home/ahmad/ros/install/node_pkg/lib/node_pkg
[0.764s] Installing lidar script to /home/ahmad/ros/install/node_pkg/lib/node_pkg
[0.764s] writing list of installed files to '/home/ahmad/ros/build/node_pkg/install.log'
[0.784s] Invoked command in '/home/ahmad/ros/src/node_pkg' returned '0': PYTHONPATH=/home/ahmad/ros/build/node_pkg/prefix_override:/usr/lib/python3/dist-packages/colcon_core/task/python/colcon_distutils_commands:/home/ahmad/ros/install/node_pkg/lib/python3.10/site-packages:${PYTHONPATH} /usr/bin/python3 -W ignore:setup.py install is deprecated setup.py egg_info --egg-base ../../build/node_pkg build --build-base /home/ahmad/ros/build/node_pkg/build install --record /home/ahmad/ros/build/node_pkg/install.log --single-version-externally-managed install_data
