[0.010s] Invoking command in '/home/ahmad/ros/build/new_pkg': CMAKE_PREFIX_PATH=${CMAKE_PREFIX_PATH}:/opt/ros/humble /usr/bin/cmake --build /home/ahmad/ros/build/new_pkg -- -j20 -l20
[0.048s] Invoked command in '/home/ahmad/ros/build/new_pkg' returned '0': CMAKE_PREFIX_PATH=${CMAKE_PREFIX_PATH}:/opt/ros/humble /usr/bin/cmake --build /home/ahmad/ros/build/new_pkg -- -j20 -l20
[0.071s] Invoking command in '/home/ahmad/ros/build/new_pkg': CMAKE_PREFIX_PATH=${CMAKE_PREFIX_PATH}:/opt/ros/humble /usr/bin/cmake --install /home/ahmad/ros/build/new_pkg
[0.076s] -- Install configuration: ""
[0.076s] -- Up-to-date: /home/ahmad/ros/install/new_pkg/share/new_pkg/urdf
[0.076s] -- Installing: /home/ahmad/ros/install/new_pkg/share/new_pkg/urdf/camera.xacro
[0.076s] -- Installing: /home/ahmad/ros/install/new_pkg/share/new_pkg/urdf/lidar.xacro
[0.076s] -- Installing: /home/ahmad/ros/install/new_pkg/share/new_pkg/urdf/robot_body.xacro
[0.077s] -- Installing: /home/ahmad/ros/install/new_pkg/share/new_pkg/urdf/robot.urdf.xacro
[0.077s] -- Installing: /home/ahmad/ros/install/new_pkg/share/new_pkg/urdf/gazebo_cont.xacro
[0.077s] -- Up-to-date: /home/ahmad/ros/install/new_pkg/share/new_pkg/meshes
[0.077s] -- Up-to-date: /home/ahmad/ros/install/new_pkg/share/new_pkg/meshes/camera.stl
[0.077s] -- Up-to-date: /home/ahmad/ros/install/new_pkg/share/new_pkg/meshes/lidar.stl
[0.077s] -- Up-to-date: /home/ahmad/ros/install/new_pkg/share/new_pkg/meshes/left_wheel.stl
[0.077s] -- Up-to-date: /home/ahmad/ros/install/new_pkg/share/new_pkg/meshes/base_link.stl
[0.077s] -- Up-to-date: /home/ahmad/ros/install/new_pkg/share/new_pkg/meshes/right_wheel.stl
[0.077s] -- Up-to-date: /home/ahmad/ros/install/new_pkg/share/new_pkg/launch
[0.077s] -- Installing: /home/ahmad/ros/install/new_pkg/share/new_pkg/launch/new_launch.py
[0.077s] -- Up-to-date: /home/ahmad/ros/install/new_pkg/share/ament_index/resource_index/package_run_dependencies/new_pkg
[0.077s] -- Up-to-date: /home/ahmad/ros/install/new_pkg/share/ament_index/resource_index/parent_prefix_path/new_pkg
[0.077s] -- Up-to-date: /home/ahmad/ros/install/new_pkg/share/new_pkg/environment/ament_prefix_path.sh
[0.078s] -- Up-to-date: /home/ahmad/ros/install/new_pkg/share/new_pkg/environment/ament_prefix_path.dsv
[0.078s] -- Up-to-date: /home/ahmad/ros/install/new_pkg/share/new_pkg/environment/path.sh
[0.078s] -- Up-to-date: /home/ahmad/ros/install/new_pkg/share/new_pkg/environment/path.dsv
[0.078s] -- Up-to-date: /home/ahmad/ros/install/new_pkg/share/new_pkg/local_setup.bash
[0.078s] -- Up-to-date: /home/ahmad/ros/install/new_pkg/share/new_pkg/local_setup.sh
[0.078s] -- Up-to-date: /home/ahmad/ros/install/new_pkg/share/new_pkg/local_setup.zsh
[0.078s] -- Up-to-date: /home/ahmad/ros/install/new_pkg/share/new_pkg/local_setup.dsv
[0.078s] -- Installing: /home/ahmad/ros/install/new_pkg/share/new_pkg/package.dsv
[0.078s] -- Up-to-date: /home/ahmad/ros/install/new_pkg/share/ament_index/resource_index/packages/new_pkg
[0.078s] -- Up-to-date: /home/ahmad/ros/install/new_pkg/share/new_pkg/cmake/new_pkgConfig.cmake
[0.078s] -- Up-to-date: /home/ahmad/ros/install/new_pkg/share/new_pkg/cmake/new_pkgConfig-version.cmake
[0.078s] -- Up-to-date: /home/ahmad/ros/install/new_pkg/share/new_pkg/package.xml
[0.079s] Invoked command in '/home/ahmad/ros/build/new_pkg' returned '0': CMAKE_PREFIX_PATH=${CMAKE_PREFIX_PATH}:/opt/ros/humble /usr/bin/cmake --install /home/ahmad/ros/build/new_pkg
