[0.006s] Invoking command in '/home/ahmad/ros_wc/build/new_pkg': CMAKE_PREFIX_PATH=/home/ahmad/ros2_ws/install/mobile_dd_robot:/home/ahmad/ros2_ws/install/my_robot_description:/home/ahmad/ros2_ws/install/fusion360_rviz_package:/opt/ros/humble:/home/ahmad/ros2_ws/install/Basic_Robot_description /usr/bin/cmake /home/ahmad/ros_wc/src/new_pkg -DAMENT_CMAKE_SYMLINK_INSTALL=1 -DCMAKE_INSTALL_PREFIX=/home/ahmad/ros_wc/install/new_pkg
[0.012s] -- Found ament_cmake: 1.3.10 (/opt/ros/humble/share/ament_cmake/cmake)
[0.075s] -- Override CMake install command with custom implementation using symlinks instead of copying resources
[0.081s] -- Found ament_lint_auto: 0.12.11 (/opt/ros/humble/share/ament_lint_auto/cmake)
[0.125s] -- Added test 'flake8' to check Python code syntax and style conventions
[0.125s] -- Added test 'lint_cmake' to check CMake code style
[0.125s] -- Added test 'pep257' to check Python code against some of the docstring style conventions in PEP 257
[0.126s] -- Added test 'xmllint' to check XML markup files
[0.126s] -- Configuring done
[0.127s] -- Generating done
[0.128s] -- Build files have been written to: /home/ahmad/ros_wc/build/new_pkg
[0.129s] Invoked command in '/home/ahmad/ros_wc/build/new_pkg' returned '0': CMAKE_PREFIX_PATH=/home/ahmad/ros2_ws/install/mobile_dd_robot:/home/ahmad/ros2_ws/install/my_robot_description:/home/ahmad/ros2_ws/install/fusion360_rviz_package:/opt/ros/humble:/home/ahmad/ros2_ws/install/Basic_Robot_description /usr/bin/cmake /home/ahmad/ros_wc/src/new_pkg -DAMENT_CMAKE_SYMLINK_INSTALL=1 -DCMAKE_INSTALL_PREFIX=/home/ahmad/ros_wc/install/new_pkg
[0.131s] Invoking command in '/home/ahmad/ros_wc/build/new_pkg': CMAKE_PREFIX_PATH=/home/ahmad/ros2_ws/install/mobile_dd_robot:/home/ahmad/ros2_ws/install/my_robot_description:/home/ahmad/ros2_ws/install/fusion360_rviz_package:/opt/ros/humble:/home/ahmad/ros2_ws/install/Basic_Robot_description /usr/bin/cmake --build /home/ahmad/ros_wc/build/new_pkg -- -j20 -l20
[0.148s] Invoked command in '/home/ahmad/ros_wc/build/new_pkg' returned '0': CMAKE_PREFIX_PATH=/home/ahmad/ros2_ws/install/mobile_dd_robot:/home/ahmad/ros2_ws/install/my_robot_description:/home/ahmad/ros2_ws/install/fusion360_rviz_package:/opt/ros/humble:/home/ahmad/ros2_ws/install/Basic_Robot_description /usr/bin/cmake --build /home/ahmad/ros_wc/build/new_pkg -- -j20 -l20
[0.163s] Invoking command in '/home/ahmad/ros_wc/build/new_pkg': CMAKE_PREFIX_PATH=/home/ahmad/ros2_ws/install/mobile_dd_robot:/home/ahmad/ros2_ws/install/my_robot_description:/home/ahmad/ros2_ws/install/fusion360_rviz_package:/opt/ros/humble:/home/ahmad/ros2_ws/install/Basic_Robot_description /usr/bin/cmake --install /home/ahmad/ros_wc/build/new_pkg
[0.167s] -- Install configuration: ""
[0.167s] -- Execute custom install script
[0.167s] -- Symlinking: /home/ahmad/ros_wc/install/new_pkg/share/new_pkg/urdf/robot.urdf.xacro
[0.171s] -- Symlinking: /home/ahmad/ros_wc/install/new_pkg/share/new_pkg/meshes/base_link.stl
[0.175s] -- Symlinking: /home/ahmad/ros_wc/install/new_pkg/share/new_pkg/meshes/camera.stl
[0.178s] -- Symlinking: /home/ahmad/ros_wc/install/new_pkg/share/new_pkg/meshes/left_wheel.stl
[0.182s] -- Symlinking: /home/ahmad/ros_wc/install/new_pkg/share/new_pkg/meshes/lidar.stl
[0.186s] -- Symlinking: /home/ahmad/ros_wc/install/new_pkg/share/new_pkg/meshes/right_wheel.stl
[0.189s] -- Symlinking: /home/ahmad/ros_wc/install/new_pkg/share/new_pkg/launch/new_launch.py
[0.193s] -- Symlinking: /home/ahmad/ros_wc/install/new_pkg/share/ament_index/resource_index/package_run_dependencies/new_pkg
[0.197s] -- Symlinking: /home/ahmad/ros_wc/install/new_pkg/share/ament_index/resource_index/parent_prefix_path/new_pkg
[0.200s] -- Symlinking: /home/ahmad/ros_wc/install/new_pkg/share/new_pkg/environment/ament_prefix_path.sh
[0.204s] -- Symlinking: /home/ahmad/ros_wc/install/new_pkg/share/new_pkg/environment/ament_prefix_path.dsv
[0.208s] -- Symlinking: /home/ahmad/ros_wc/install/new_pkg/share/new_pkg/environment/path.sh
[0.212s] -- Symlinking: /home/ahmad/ros_wc/install/new_pkg/share/new_pkg/environment/path.dsv
[0.215s] -- Symlinking: /home/ahmad/ros_wc/install/new_pkg/share/new_pkg/local_setup.bash
[0.220s] -- Symlinking: /home/ahmad/ros_wc/install/new_pkg/share/new_pkg/local_setup.sh
[0.224s] -- Symlinking: /home/ahmad/ros_wc/install/new_pkg/share/new_pkg/local_setup.zsh
[0.227s] -- Symlinking: /home/ahmad/ros_wc/install/new_pkg/share/new_pkg/local_setup.dsv
[0.231s] -- Symlinking: /home/ahmad/ros_wc/install/new_pkg/share/new_pkg/package.dsv
[0.234s] -- Symlinking: /home/ahmad/ros_wc/install/new_pkg/share/ament_index/resource_index/packages/new_pkg
[0.238s] -- Symlinking: /home/ahmad/ros_wc/install/new_pkg/share/new_pkg/cmake/new_pkgConfig.cmake
[0.241s] -- Symlinking: /home/ahmad/ros_wc/install/new_pkg/share/new_pkg/cmake/new_pkgConfig-version.cmake
[0.244s] -- Symlinking: /home/ahmad/ros_wc/install/new_pkg/share/new_pkg/package.xml
[0.249s] Invoked command in '/home/ahmad/ros_wc/build/new_pkg' returned '0': CMAKE_PREFIX_PATH=/home/ahmad/ros2_ws/install/mobile_dd_robot:/home/ahmad/ros2_ws/install/my_robot_description:/home/ahmad/ros2_ws/install/fusion360_rviz_package:/opt/ros/humble:/home/ahmad/ros2_ws/install/Basic_Robot_description /usr/bin/cmake --install /home/ahmad/ros_wc/build/new_pkg
