running egg_info
writing ../../build/node_pkg/node_pkg.egg-info/PKG-INFO
writing dependency_links to ../../build/node_pkg/node_pkg.egg-info/dependency_links.txt
writing entry points to ../../build/node_pkg/node_pkg.egg-info/entry_points.txt
writing requirements to ../../build/node_pkg/node_pkg.egg-info/requires.txt
writing top-level names to ../../build/node_pkg/node_pkg.egg-info/top_level.txt
reading manifest file '../../build/node_pkg/node_pkg.egg-info/SOURCES.txt'
writing manifest file '../../build/node_pkg/node_pkg.egg-info/SOURCES.txt'
running build
running build_py
running install
running install_lib
running install_data
running install_egg_info
removing '/home/ahmad/ros/install/node_pkg/lib/python3.10/site-packages/node_pkg-0.0.0-py3.10.egg-info' (and everything under it)
Copying ../../build/node_pkg/node_pkg.egg-info to /home/ahmad/ros/install/node_pkg/lib/python3.10/site-packages/node_pkg-0.0.0-py3.10.egg-info
running install_scripts
Installing circle script to /home/ahmad/ros/install/node_pkg/lib/node_pkg
Installing lidar script to /home/ahmad/ros/install/node_pkg/lib/node_pkg
writing list of installed files to '/home/ahmad/ros/build/node_pkg/install.log'
