[0.009s] Invoking command in '/home/ahmad/ros/build/new_pkg': CMAKE_PREFIX_PATH=${CMAKE_PREFIX_PATH}:/opt/ros/humble /usr/bin/cmake /home/ahmad/ros/src/new_pkg -DCMAKE_INSTALL_PREFIX=/home/ahmad/ros/install/new_pkg
[0.103s] -- The C compiler identification is GNU 11.4.0
[0.183s] -- The CXX compiler identification is GNU 11.4.0
[0.197s] -- Detecting C compiler ABI info
[0.270s] -- Detecting C compiler ABI info - done
[0.282s] -- Check for working C compiler: /usr/bin/cc - skipped
[0.283s] -- Detecting C compile features
[0.284s] -- Detecting C compile features - done
[0.290s] -- Detecting CXX compiler ABI info
[0.390s] -- Detecting CXX compiler ABI info - done
[0.402s] -- Check for working CXX compiler: /usr/bin/c++ - skipped
[0.403s] -- Detecting CXX compile features
[0.403s] -- Detecting CXX compile features - done
[0.410s] -- Found ament_cmake: 1.3.10 (/opt/ros/humble/share/ament_cmake/cmake)
[0.610s] -- Found Python3: /usr/bin/python3 (found version "3.10.12") found components: Interpreter 
[0.695s] -- Found ament_lint_auto: 0.12.11 (/opt/ros/humble/share/ament_lint_auto/cmake)
[0.785s] -- Added test 'flake8' to check Python code syntax and style conventions
[0.785s] -- Added test 'lint_cmake' to check CMake code style
[0.786s] -- Added test 'pep257' to check Python code against some of the docstring style conventions in PEP 257
[0.788s] -- Added test 'xmllint' to check XML markup files
[0.788s] -- Configuring done
[0.790s] -- Generating done
[0.790s] -- Build files have been written to: /home/ahmad/ros/build/new_pkg
[0.793s] Invoked command in '/home/ahmad/ros/build/new_pkg' returned '0': CMAKE_PREFIX_PATH=${CMAKE_PREFIX_PATH}:/opt/ros/humble /usr/bin/cmake /home/ahmad/ros/src/new_pkg -DCMAKE_INSTALL_PREFIX=/home/ahmad/ros/install/new_pkg
[0.796s] Invoking command in '/home/ahmad/ros/build/new_pkg': CMAKE_PREFIX_PATH=${CMAKE_PREFIX_PATH}:/opt/ros/humble /usr/bin/cmake --build /home/ahmad/ros/build/new_pkg -- -j20 -l20
[0.835s] Invoked command in '/home/ahmad/ros/build/new_pkg' returned '0': CMAKE_PREFIX_PATH=${CMAKE_PREFIX_PATH}:/opt/ros/humble /usr/bin/cmake --build /home/ahmad/ros/build/new_pkg -- -j20 -l20
[0.859s] Invoking command in '/home/ahmad/ros/build/new_pkg': CMAKE_PREFIX_PATH=${CMAKE_PREFIX_PATH}:/opt/ros/humble /usr/bin/cmake --install /home/ahmad/ros/build/new_pkg
[0.865s] -- Install configuration: ""
[0.865s] -- Installing: /home/ahmad/ros/install/new_pkg/share/new_pkg/urdf
[0.865s] -- Installing: /home/ahmad/ros/install/new_pkg/share/new_pkg/urdf/camera.xacro
[0.865s] -- Installing: /home/ahmad/ros/install/new_pkg/share/new_pkg/urdf/lidar.xacro
[0.865s] -- Installing: /home/ahmad/ros/install/new_pkg/share/new_pkg/urdf/robot_body.xacro
[0.865s] -- Installing: /home/ahmad/ros/install/new_pkg/share/new_pkg/urdf/robot.urdf.xacro
[0.865s] -- Installing: /home/ahmad/ros/install/new_pkg/share/new_pkg/urdf/gazebo_cont.xacro
[0.865s] -- Installing: /home/ahmad/ros/install/new_pkg/share/new_pkg/meshes
[0.865s] -- Installing: /home/ahmad/ros/install/new_pkg/share/new_pkg/meshes/camera.stl
[0.865s] -- Installing: /home/ahmad/ros/install/new_pkg/share/new_pkg/meshes/lidar.stl
[0.865s] -- Installing: /home/ahmad/ros/install/new_pkg/share/new_pkg/meshes/left_wheel.stl
[0.866s] -- Installing: /home/ahmad/ros/install/new_pkg/share/new_pkg/meshes/base_link.stl
[0.866s] -- Installing: /home/ahmad/ros/install/new_pkg/share/new_pkg/meshes/right_wheel.stl
[0.866s] -- Installing: /home/ahmad/ros/install/new_pkg/share/new_pkg/launch
[0.866s] -- Installing: /home/ahmad/ros/install/new_pkg/share/new_pkg/launch/new_launch.py
[0.866s] -- Installing: /home/ahmad/ros/install/new_pkg/share/ament_index/resource_index/package_run_dependencies/new_pkg
[0.866s] -- Installing: /home/ahmad/ros/install/new_pkg/share/ament_index/resource_index/parent_prefix_path/new_pkg
[0.866s] -- Installing: /home/ahmad/ros/install/new_pkg/share/new_pkg/environment/ament_prefix_path.sh
[0.866s] -- Installing: /home/ahmad/ros/install/new_pkg/share/new_pkg/environment/ament_prefix_path.dsv
[0.866s] -- Installing: /home/ahmad/ros/install/new_pkg/share/new_pkg/environment/path.sh
[0.866s] -- Installing: /home/ahmad/ros/install/new_pkg/share/new_pkg/environment/path.dsv
[0.866s] -- Installing: /home/ahmad/ros/install/new_pkg/share/new_pkg/local_setup.bash
[0.867s] -- Installing: /home/ahmad/ros/install/new_pkg/share/new_pkg/local_setup.sh
[0.867s] -- Installing: /home/ahmad/ros/install/new_pkg/share/new_pkg/local_setup.zsh
[0.867s] -- Installing: /home/ahmad/ros/install/new_pkg/share/new_pkg/local_setup.dsv
[0.867s] -- Installing: /home/ahmad/ros/install/new_pkg/share/new_pkg/package.dsv
[0.867s] -- Installing: /home/ahmad/ros/install/new_pkg/share/ament_index/resource_index/packages/new_pkg
[0.867s] -- Installing: /home/ahmad/ros/install/new_pkg/share/new_pkg/cmake/new_pkgConfig.cmake
[0.867s] -- Installing: /home/ahmad/ros/install/new_pkg/share/new_pkg/cmake/new_pkgConfig-version.cmake
[0.867s] -- Installing: /home/ahmad/ros/install/new_pkg/share/new_pkg/package.xml
[0.869s] Invoked command in '/home/ahmad/ros/build/new_pkg' returned '0': CMAKE_PREFIX_PATH=${CMAKE_PREFIX_PATH}:/opt/ros/humble /usr/bin/cmake --install /home/ahmad/ros/build/new_pkg
