[0.448s] DEBUG:colcon:Command line arguments: ['/usr/bin/colcon', 'build']
[0.448s] DEBUG:colcon:Parsed command line arguments: Namespace(log_base=None, log_level=None, verb_name='build', build_base='build', install_base='install', merge_install=False, symlink_install=False, test_result_base=None, continue_on_error=False, executor='parallel', parallel_workers=20, event_handlers=None, ignore_user_meta=False, metas=['./colcon.meta'], base_paths=['.'], packages_ignore=None, packages_ignore_regex=None, paths=None, packages_up_to=None, packages_up_to_regex=None, packages_above=None, packages_above_and_dependencies=None, packages_above_depth=None, packages_select_by_dep=None, packages_skip_by_dep=None, packages_skip_up_to=None, packages_select_build_failed=False, packages_skip_build_finished=False, packages_select_test_failures=False, packages_skip_test_passed=False, packages_select=None, packages_skip=None, packages_select_regex=None, packages_skip_regex=None, packages_start=None, packages_end=None, allow_overriding=[], cmake_args=None, cmake_target=None, cmake_target_skip_unavailable=False, cmake_clean_cache=False, cmake_clean_first=False, cmake_force_configure=False, ament_cmake_args=None, catkin_cmake_args=None, catkin_skip_building_tests=False, mixin_files=None, mixin=None, verb_parser=<colcon_mixin.mixin.mixin_argument.MixinArgumentDecorator object at 0x7faf8438b7c0>, verb_extension=<colcon_core.verb.build.BuildVerb object at 0x7faf8438b1c0>, main=<bound method BuildVerb.main of <colcon_core.verb.build.BuildVerb object at 0x7faf8438b1c0>>, mixin_verb=('build',))
[0.775s] Level 1:colcon.colcon_core.package_discovery:discover_packages(colcon_meta) check parameters
[0.775s] Level 1:colcon.colcon_core.package_discovery:discover_packages(recursive) check parameters
[0.775s] Level 1:colcon.colcon_core.package_discovery:discover_packages(ignore) check parameters
[0.775s] Level 1:colcon.colcon_core.package_discovery:discover_packages(path) check parameters
[0.775s] Level 1:colcon.colcon_core.package_discovery:discover_packages(colcon_meta) discover
[0.775s] Level 1:colcon.colcon_core.package_discovery:discover_packages(recursive) discover
[0.775s] INFO:colcon.colcon_core.package_discovery:Crawling recursively for packages in '/home/ahmad/ros_wc'
[0.775s] Level 1:colcon.colcon_core.package_identification:_identify(.) by extensions ['ignore', 'ignore_ament_install']
[0.775s] Level 1:colcon.colcon_core.package_identification:_identify(.) by extension 'ignore'
[0.775s] Level 1:colcon.colcon_core.package_identification:_identify(.) by extension 'ignore_ament_install'
[0.775s] Level 1:colcon.colcon_core.package_identification:_identify(.) by extensions ['colcon_pkg']
[0.775s] Level 1:colcon.colcon_core.package_identification:_identify(.) by extension 'colcon_pkg'
[0.776s] Level 1:colcon.colcon_core.package_identification:_identify(.) by extensions ['colcon_meta']
[0.776s] Level 1:colcon.colcon_core.package_identification:_identify(.) by extension 'colcon_meta'
[0.776s] Level 1:colcon.colcon_core.package_identification:_identify(.) by extensions ['ros']
[0.776s] Level 1:colcon.colcon_core.package_identification:_identify(.) by extension 'ros'
[0.807s] Level 1:colcon.colcon_core.package_identification:_identify(.) by extensions ['cmake', 'python']
[0.807s] Level 1:colcon.colcon_core.package_identification:_identify(.) by extension 'cmake'
[0.807s] Level 1:colcon.colcon_core.package_identification:_identify(.) by extension 'python'
[0.808s] Level 1:colcon.colcon_core.package_identification:_identify(.) by extensions ['python_setup_py']
[0.808s] Level 1:colcon.colcon_core.package_identification:_identify(.) by extension 'python_setup_py'
[0.808s] Level 1:colcon.colcon_core.package_identification:_identify(build) by extensions ['ignore', 'ignore_ament_install']
[0.808s] Level 1:colcon.colcon_core.package_identification:_identify(build) by extension 'ignore'
[0.808s] Level 1:colcon.colcon_core.package_identification:_identify(build) ignored
[0.809s] Level 1:colcon.colcon_core.package_identification:_identify(install) by extensions ['ignore', 'ignore_ament_install']
[0.809s] Level 1:colcon.colcon_core.package_identification:_identify(install) by extension 'ignore'
[0.809s] Level 1:colcon.colcon_core.package_identification:_identify(install) ignored
[0.809s] Level 1:colcon.colcon_core.package_identification:_identify(log) by extensions ['ignore', 'ignore_ament_install']
[0.809s] Level 1:colcon.colcon_core.package_identification:_identify(log) by extension 'ignore'
[0.809s] Level 1:colcon.colcon_core.package_identification:_identify(log) ignored
[0.809s] Level 1:colcon.colcon_core.package_identification:_identify(src) by extensions ['ignore', 'ignore_ament_install']
[0.810s] Level 1:colcon.colcon_core.package_identification:_identify(src) by extension 'ignore'
[0.810s] Level 1:colcon.colcon_core.package_identification:_identify(src) by extension 'ignore_ament_install'
[0.810s] Level 1:colcon.colcon_core.package_identification:_identify(src) by extensions ['colcon_pkg']
[0.810s] Level 1:colcon.colcon_core.package_identification:_identify(src) by extension 'colcon_pkg'
[0.810s] Level 1:colcon.colcon_core.package_identification:_identify(src) by extensions ['colcon_meta']
[0.810s] Level 1:colcon.colcon_core.package_identification:_identify(src) by extension 'colcon_meta'
[0.810s] Level 1:colcon.colcon_core.package_identification:_identify(src) by extensions ['ros']
[0.810s] Level 1:colcon.colcon_core.package_identification:_identify(src) by extension 'ros'
[0.810s] Level 1:colcon.colcon_core.package_identification:_identify(src) by extensions ['cmake', 'python']
[0.810s] Level 1:colcon.colcon_core.package_identification:_identify(src) by extension 'cmake'
[0.810s] Level 1:colcon.colcon_core.package_identification:_identify(src) by extension 'python'
[0.810s] Level 1:colcon.colcon_core.package_identification:_identify(src) by extensions ['python_setup_py']
[0.810s] Level 1:colcon.colcon_core.package_identification:_identify(src) by extension 'python_setup_py'
[0.810s] Level 1:colcon.colcon_core.package_identification:_identify(src/new_pkg) by extensions ['ignore', 'ignore_ament_install']
[0.810s] Level 1:colcon.colcon_core.package_identification:_identify(src/new_pkg) by extension 'ignore'
[0.811s] Level 1:colcon.colcon_core.package_identification:_identify(src/new_pkg) by extension 'ignore_ament_install'
[0.811s] Level 1:colcon.colcon_core.package_identification:_identify(src/new_pkg) by extensions ['colcon_pkg']
[0.811s] Level 1:colcon.colcon_core.package_identification:_identify(src/new_pkg) by extension 'colcon_pkg'
[0.811s] Level 1:colcon.colcon_core.package_identification:_identify(src/new_pkg) by extensions ['colcon_meta']
[0.811s] Level 1:colcon.colcon_core.package_identification:_identify(src/new_pkg) by extension 'colcon_meta'
[0.811s] Level 1:colcon.colcon_core.package_identification:_identify(src/new_pkg) by extensions ['ros']
[0.811s] Level 1:colcon.colcon_core.package_identification:_identify(src/new_pkg) by extension 'ros'
[0.817s] DEBUG:colcon.colcon_core.package_identification:Package 'src/new_pkg' with type 'ros.ament_cmake' and name 'new_pkg'
[0.817s] Level 1:colcon.colcon_core.package_discovery:discover_packages(recursive) using defaults
[0.817s] Level 1:colcon.colcon_core.package_discovery:discover_packages(ignore) discover
[0.817s] Level 1:colcon.colcon_core.package_discovery:discover_packages(ignore) using defaults
[0.817s] Level 1:colcon.colcon_core.package_discovery:discover_packages(path) discover
[0.817s] Level 1:colcon.colcon_core.package_discovery:discover_packages(path) using defaults
[0.850s] Level 1:colcon.colcon_core.package_discovery:discover_packages(prefix_path) check parameters
[0.851s] Level 1:colcon.colcon_core.package_discovery:discover_packages(prefix_path) discover
[0.868s] DEBUG:colcon.colcon_installed_package_information.package_discovery:Found 4 installed packages in /home/ahmad/ros2_ws/install
[0.869s] DEBUG:colcon.colcon_installed_package_information.package_discovery:Found 298 installed packages in /opt/ros/humble
[0.872s] Level 1:colcon.colcon_core.package_discovery:discover_packages(prefix_path) using defaults
[0.922s] Level 5:colcon.colcon_core.verb:set package 'new_pkg' build argument 'cmake_args' from command line to 'None'
[0.922s] Level 5:colcon.colcon_core.verb:set package 'new_pkg' build argument 'cmake_target' from command line to 'None'
[0.922s] Level 5:colcon.colcon_core.verb:set package 'new_pkg' build argument 'cmake_target_skip_unavailable' from command line to 'False'
[0.922s] Level 5:colcon.colcon_core.verb:set package 'new_pkg' build argument 'cmake_clean_cache' from command line to 'False'
[0.922s] Level 5:colcon.colcon_core.verb:set package 'new_pkg' build argument 'cmake_clean_first' from command line to 'False'
[0.922s] Level 5:colcon.colcon_core.verb:set package 'new_pkg' build argument 'cmake_force_configure' from command line to 'False'
[0.922s] Level 5:colcon.colcon_core.verb:set package 'new_pkg' build argument 'ament_cmake_args' from command line to 'None'
[0.922s] Level 5:colcon.colcon_core.verb:set package 'new_pkg' build argument 'catkin_cmake_args' from command line to 'None'
[0.922s] Level 5:colcon.colcon_core.verb:set package 'new_pkg' build argument 'catkin_skip_building_tests' from command line to 'False'
[0.922s] DEBUG:colcon.colcon_core.verb:Building package 'new_pkg' with the following arguments: {'ament_cmake_args': None, 'build_base': '/home/ahmad/ros_wc/build/new_pkg', 'catkin_cmake_args': None, 'catkin_skip_building_tests': False, 'cmake_args': None, 'cmake_clean_cache': False, 'cmake_clean_first': False, 'cmake_force_configure': False, 'cmake_target': None, 'cmake_target_skip_unavailable': False, 'install_base': '/home/ahmad/ros_wc/install/new_pkg', 'merge_install': False, 'path': '/home/ahmad/ros_wc/src/new_pkg', 'symlink_install': False, 'test_result_base': None}
[0.923s] INFO:colcon.colcon_core.executor:Executing jobs using 'parallel' executor
[0.924s] DEBUG:colcon.colcon_parallel_executor.executor.parallel:run_until_complete
[0.925s] INFO:colcon.colcon_ros.task.ament_cmake.build:Building ROS package in '/home/ahmad/ros_wc/src/new_pkg' with build type 'ament_cmake'
[0.925s] INFO:colcon.colcon_cmake.task.cmake.build:Building CMake package in '/home/ahmad/ros_wc/src/new_pkg'
[0.930s] INFO:colcon.colcon_core.plugin_system:Skipping extension 'colcon_core.shell.bat': Not used on non-Windows systems
[0.930s] INFO:colcon.colcon_core.shell:Skip shell extension 'powershell' for command environment: Not usable outside of PowerShell
[0.931s] DEBUG:colcon.colcon_core.shell:Skip shell extension 'dsv' for command environment
[0.948s] DEBUG:colcon.colcon_core.event_handler.log_command:Invoking command in '/home/ahmad/ros_wc/build/new_pkg': CMAKE_PREFIX_PATH=/home/ahmad/ros2_ws/install/mobile_dd_robot:/home/ahmad/ros2_ws/install/my_robot_description:/home/ahmad/ros2_ws/install/fusion360_rviz_package:/opt/ros/humble:/home/ahmad/ros2_ws/install/Basic_Robot_description /usr/bin/cmake /home/ahmad/ros_wc/src/new_pkg -DCMAKE_INSTALL_PREFIX=/home/ahmad/ros_wc/install/new_pkg
[1.390s] DEBUG:colcon.colcon_core.event_handler.log_command:Invoked command in '/home/ahmad/ros_wc/build/new_pkg' returned '0': CMAKE_PREFIX_PATH=/home/ahmad/ros2_ws/install/mobile_dd_robot:/home/ahmad/ros2_ws/install/my_robot_description:/home/ahmad/ros2_ws/install/fusion360_rviz_package:/opt/ros/humble:/home/ahmad/ros2_ws/install/Basic_Robot_description /usr/bin/cmake /home/ahmad/ros_wc/src/new_pkg -DCMAKE_INSTALL_PREFIX=/home/ahmad/ros_wc/install/new_pkg
[1.394s] DEBUG:colcon.colcon_core.event_handler.log_command:Invoking command in '/home/ahmad/ros_wc/build/new_pkg': CMAKE_PREFIX_PATH=/home/ahmad/ros2_ws/install/mobile_dd_robot:/home/ahmad/ros2_ws/install/my_robot_description:/home/ahmad/ros2_ws/install/fusion360_rviz_package:/opt/ros/humble:/home/ahmad/ros2_ws/install/Basic_Robot_description /usr/bin/cmake --build /home/ahmad/ros_wc/build/new_pkg -- -j20 -l20
[1.440s] DEBUG:colcon.colcon_core.event_handler.log_command:Invoked command in '/home/ahmad/ros_wc/build/new_pkg' returned '0': CMAKE_PREFIX_PATH=/home/ahmad/ros2_ws/install/mobile_dd_robot:/home/ahmad/ros2_ws/install/my_robot_description:/home/ahmad/ros2_ws/install/fusion360_rviz_package:/opt/ros/humble:/home/ahmad/ros2_ws/install/Basic_Robot_description /usr/bin/cmake --build /home/ahmad/ros_wc/build/new_pkg -- -j20 -l20
[1.479s] DEBUG:colcon.colcon_core.event_handler.log_command:Invoking command in '/home/ahmad/ros_wc/build/new_pkg': CMAKE_PREFIX_PATH=/home/ahmad/ros2_ws/install/mobile_dd_robot:/home/ahmad/ros2_ws/install/my_robot_description:/home/ahmad/ros2_ws/install/fusion360_rviz_package:/opt/ros/humble:/home/ahmad/ros2_ws/install/Basic_Robot_description /usr/bin/cmake --install /home/ahmad/ros_wc/build/new_pkg
[1.513s] Level 1:colcon.colcon_core.environment:create_environment_scripts_only(new_pkg)
[1.513s] DEBUG:colcon.colcon_core.event_handler.log_command:Invoked command in '/home/ahmad/ros_wc/build/new_pkg' returned '0': CMAKE_PREFIX_PATH=/home/ahmad/ros2_ws/install/mobile_dd_robot:/home/ahmad/ros2_ws/install/my_robot_description:/home/ahmad/ros2_ws/install/fusion360_rviz_package:/opt/ros/humble:/home/ahmad/ros2_ws/install/Basic_Robot_description /usr/bin/cmake --install /home/ahmad/ros_wc/build/new_pkg
[1.521s] Level 1:colcon.colcon_core.environment:checking '/home/ahmad/ros_wc/install/new_pkg' for CMake module files
[1.522s] Level 1:colcon.colcon_core.environment:checking '/home/ahmad/ros_wc/install/new_pkg' for CMake config files
[1.522s] Level 1:colcon.colcon_core.shell:create_environment_hook('new_pkg', 'cmake_prefix_path')
[1.523s] INFO:colcon.colcon_core.shell:Creating environment hook '/home/ahmad/ros_wc/install/new_pkg/share/new_pkg/hook/cmake_prefix_path.ps1'
[1.523s] INFO:colcon.colcon_core.shell:Creating environment descriptor '/home/ahmad/ros_wc/install/new_pkg/share/new_pkg/hook/cmake_prefix_path.dsv'
[1.524s] INFO:colcon.colcon_core.shell:Creating environment hook '/home/ahmad/ros_wc/install/new_pkg/share/new_pkg/hook/cmake_prefix_path.sh'
[1.526s] Level 1:colcon.colcon_core.environment:checking '/home/ahmad/ros_wc/install/new_pkg/bin'
[1.526s] Level 1:colcon.colcon_core.environment:checking '/home/ahmad/ros_wc/install/new_pkg/lib/pkgconfig/new_pkg.pc'
[1.526s] Level 1:colcon.colcon_core.environment:checking '/home/ahmad/ros_wc/install/new_pkg/lib/python3.10/site-packages'
[1.527s] Level 1:colcon.colcon_core.environment:checking '/home/ahmad/ros_wc/install/new_pkg/bin'
[1.528s] INFO:colcon.colcon_core.shell:Creating package script '/home/ahmad/ros_wc/install/new_pkg/share/new_pkg/package.ps1'
[1.529s] INFO:colcon.colcon_core.shell:Creating package descriptor '/home/ahmad/ros_wc/install/new_pkg/share/new_pkg/package.dsv'
[1.530s] INFO:colcon.colcon_core.shell:Creating package script '/home/ahmad/ros_wc/install/new_pkg/share/new_pkg/package.sh'
[1.531s] INFO:colcon.colcon_core.shell:Creating package script '/home/ahmad/ros_wc/install/new_pkg/share/new_pkg/package.bash'
[1.532s] INFO:colcon.colcon_core.shell:Creating package script '/home/ahmad/ros_wc/install/new_pkg/share/new_pkg/package.zsh'
[1.532s] Level 1:colcon.colcon_core.environment:create_file_with_runtime_dependencies(/home/ahmad/ros_wc/install/new_pkg/share/colcon-core/packages/new_pkg)
[1.560s] Level 1:colcon.colcon_core.environment:create_environment_scripts_only(new_pkg)
[1.561s] Level 1:colcon.colcon_core.environment:checking '/home/ahmad/ros_wc/install/new_pkg' for CMake module files
[1.561s] Level 1:colcon.colcon_core.environment:checking '/home/ahmad/ros_wc/install/new_pkg' for CMake config files
[1.561s] Level 1:colcon.colcon_core.shell:create_environment_hook('new_pkg', 'cmake_prefix_path')
[1.562s] INFO:colcon.colcon_core.shell:Creating environment hook '/home/ahmad/ros_wc/install/new_pkg/share/new_pkg/hook/cmake_prefix_path.ps1'
[1.562s] INFO:colcon.colcon_core.shell:Creating environment descriptor '/home/ahmad/ros_wc/install/new_pkg/share/new_pkg/hook/cmake_prefix_path.dsv'
[1.563s] INFO:colcon.colcon_core.shell:Creating environment hook '/home/ahmad/ros_wc/install/new_pkg/share/new_pkg/hook/cmake_prefix_path.sh'
[1.563s] Level 1:colcon.colcon_core.environment:checking '/home/ahmad/ros_wc/install/new_pkg/bin'
[1.563s] Level 1:colcon.colcon_core.environment:checking '/home/ahmad/ros_wc/install/new_pkg/lib/pkgconfig/new_pkg.pc'
[1.564s] Level 1:colcon.colcon_core.environment:checking '/home/ahmad/ros_wc/install/new_pkg/lib/python3.10/site-packages'
[1.564s] Level 1:colcon.colcon_core.environment:checking '/home/ahmad/ros_wc/install/new_pkg/bin'
[1.565s] INFO:colcon.colcon_core.shell:Creating package script '/home/ahmad/ros_wc/install/new_pkg/share/new_pkg/package.ps1'
[1.566s] INFO:colcon.colcon_core.shell:Creating package descriptor '/home/ahmad/ros_wc/install/new_pkg/share/new_pkg/package.dsv'
[1.567s] INFO:colcon.colcon_core.shell:Creating package script '/home/ahmad/ros_wc/install/new_pkg/share/new_pkg/package.sh'
[1.567s] INFO:colcon.colcon_core.shell:Creating package script '/home/ahmad/ros_wc/install/new_pkg/share/new_pkg/package.bash'
[1.567s] INFO:colcon.colcon_core.shell:Creating package script '/home/ahmad/ros_wc/install/new_pkg/share/new_pkg/package.zsh'
[1.568s] Level 1:colcon.colcon_core.environment:create_file_with_runtime_dependencies(/home/ahmad/ros_wc/install/new_pkg/share/colcon-core/packages/new_pkg)
[1.568s] DEBUG:colcon.colcon_parallel_executor.executor.parallel:closing loop
[1.569s] DEBUG:colcon.colcon_parallel_executor.executor.parallel:loop closed
[1.569s] DEBUG:colcon.colcon_parallel_executor.executor.parallel:run_until_complete finished with '0'
[1.569s] DEBUG:colcon.colcon_core.event_reactor:joining thread
[1.672s] INFO:colcon.colcon_core.plugin_system:Skipping extension 'colcon_notification.desktop_notification.notify_send': Could not find 'notify-send'
[1.672s] INFO:colcon.colcon_core.plugin_system:Skipping extension 'colcon_notification.desktop_notification.terminal_notifier': Not used on non-Darwin systems
[1.672s] INFO:colcon.colcon_core.plugin_system:Skipping extension 'colcon_notification.desktop_notification.win32': Not used on non-Windows systems
[1.672s] INFO:colcon.colcon_notification.desktop_notification:Sending desktop notification using 'notify2'
[1.673s] DEBUG:colcon.colcon_notification.desktop_notification.notify2:Failed to initialize notify2: org.freedesktop.DBus.Error.FileNotFound: Failed to connect to socket /run/user/1000/bus: No such file or directory
[1.673s] DEBUG:colcon.colcon_core.event_reactor:joined thread
[1.674s] INFO:colcon.colcon_core.shell:Creating prefix script '/home/ahmad/ros_wc/install/local_setup.ps1'
[1.676s] INFO:colcon.colcon_core.shell:Creating prefix util module '/home/ahmad/ros_wc/install/_local_setup_util_ps1.py'
[1.679s] INFO:colcon.colcon_core.shell:Creating prefix chain script '/home/ahmad/ros_wc/install/setup.ps1'
[1.680s] INFO:colcon.colcon_core.shell:Creating prefix script '/home/ahmad/ros_wc/install/local_setup.sh'
[1.682s] INFO:colcon.colcon_core.shell:Creating prefix util module '/home/ahmad/ros_wc/install/_local_setup_util_sh.py'
[1.684s] INFO:colcon.colcon_core.shell:Creating prefix chain script '/home/ahmad/ros_wc/install/setup.sh'
[1.686s] INFO:colcon.colcon_core.shell:Creating prefix script '/home/ahmad/ros_wc/install/local_setup.bash'
[1.687s] INFO:colcon.colcon_core.shell:Creating prefix chain script '/home/ahmad/ros_wc/install/setup.bash'
[1.689s] INFO:colcon.colcon_core.shell:Creating prefix script '/home/ahmad/ros_wc/install/local_setup.zsh'
[1.690s] INFO:colcon.colcon_core.shell:Creating prefix chain script '/home/ahmad/ros_wc/install/setup.zsh'
