[0.018s] Invoking command in '/home/ahmad/ros_wc/build/new_pkg': CMAKE_PREFIX_PATH=/home/ahmad/ros_wc/install/new_pkg:/home/ahmad/ros2_ws/install/mobile_dd_robot:/home/ahmad/ros2_ws/install/my_robot_description:/home/ahmad/ros2_ws/install/fusion360_rviz_package:/opt/ros/humble:/home/ahmad/ros2_ws/install/Basic_Robot_description /usr/bin/cmake --build /home/ahmad/ros_wc/build/new_pkg -- -j20 -l20
[0.061s] Invoked command in '/home/ahmad/ros_wc/build/new_pkg' returned '0': CMAKE_PREFIX_PATH=/home/ahmad/ros_wc/install/new_pkg:/home/ahmad/ros2_ws/install/mobile_dd_robot:/home/ahmad/ros2_ws/install/my_robot_description:/home/ahmad/ros2_ws/install/fusion360_rviz_package:/opt/ros/humble:/home/ahmad/ros2_ws/install/Basic_Robot_description /usr/bin/cmake --build /home/ahmad/ros_wc/build/new_pkg -- -j20 -l20
[0.097s] Invoking command in '/home/ahmad/ros_wc/build/new_pkg': CMAKE_PREFIX_PATH=/home/ahmad/ros_wc/install/new_pkg:/home/ahmad/ros2_ws/install/mobile_dd_robot:/home/ahmad/ros2_ws/install/my_robot_description:/home/ahmad/ros2_ws/install/fusion360_rviz_package:/opt/ros/humble:/home/ahmad/ros2_ws/install/Basic_Robot_description /usr/bin/cmake --install /home/ahmad/ros_wc/build/new_pkg
[0.104s] -- Install configuration: ""
[0.105s] -- Execute custom install script
[0.105s] -- Up-to-date symlink: /home/ahmad/ros_wc/install/new_pkg/share/new_pkg/urdf/robot.urdf.xacro
[0.106s] -- Up-to-date symlink: /home/ahmad/ros_wc/install/new_pkg/share/new_pkg/meshes/base_link.stl
[0.106s] -- Up-to-date symlink: /home/ahmad/ros_wc/install/new_pkg/share/new_pkg/meshes/camera.stl
[0.106s] -- Up-to-date symlink: /home/ahmad/ros_wc/install/new_pkg/share/new_pkg/meshes/left_wheel.stl
[0.107s] -- Up-to-date symlink: /home/ahmad/ros_wc/install/new_pkg/share/new_pkg/meshes/lidar.stl
[0.107s] -- Up-to-date symlink: /home/ahmad/ros_wc/install/new_pkg/share/new_pkg/meshes/right_wheel.stl
[0.107s] -- Up-to-date symlink: /home/ahmad/ros_wc/install/new_pkg/share/new_pkg/launch/new_launch.py
[0.107s] -- Up-to-date symlink: /home/ahmad/ros_wc/install/new_pkg/share/ament_index/resource_index/package_run_dependencies/new_pkg
[0.107s] -- Up-to-date symlink: /home/ahmad/ros_wc/install/new_pkg/share/ament_index/resource_index/parent_prefix_path/new_pkg
[0.108s] -- Up-to-date symlink: /home/ahmad/ros_wc/install/new_pkg/share/new_pkg/environment/ament_prefix_path.sh
[0.108s] -- Up-to-date symlink: /home/ahmad/ros_wc/install/new_pkg/share/new_pkg/environment/ament_prefix_path.dsv
[0.108s] -- Up-to-date symlink: /home/ahmad/ros_wc/install/new_pkg/share/new_pkg/environment/path.sh
[0.108s] -- Up-to-date symlink: /home/ahmad/ros_wc/install/new_pkg/share/new_pkg/environment/path.dsv
[0.109s] -- Up-to-date symlink: /home/ahmad/ros_wc/install/new_pkg/share/new_pkg/local_setup.bash
[0.109s] -- Up-to-date symlink: /home/ahmad/ros_wc/install/new_pkg/share/new_pkg/local_setup.sh
[0.109s] -- Up-to-date symlink: /home/ahmad/ros_wc/install/new_pkg/share/new_pkg/local_setup.zsh
[0.109s] -- Up-to-date symlink: /home/ahmad/ros_wc/install/new_pkg/share/new_pkg/local_setup.dsv
[0.109s] -- Symlinking: /home/ahmad/ros_wc/install/new_pkg/share/new_pkg/package.dsv
[0.118s] -- Up-to-date symlink: /home/ahmad/ros_wc/install/new_pkg/share/ament_index/resource_index/packages/new_pkg
[0.118s] -- Up-to-date symlink: /home/ahmad/ros_wc/install/new_pkg/share/new_pkg/cmake/new_pkgConfig.cmake
[0.119s] -- Up-to-date symlink: /home/ahmad/ros_wc/install/new_pkg/share/new_pkg/cmake/new_pkgConfig-version.cmake
[0.119s] -- Up-to-date symlink: /home/ahmad/ros_wc/install/new_pkg/share/new_pkg/package.xml
[0.121s] Invoked command in '/home/ahmad/ros_wc/build/new_pkg' returned '0': CMAKE_PREFIX_PATH=/home/ahmad/ros_wc/install/new_pkg:/home/ahmad/ros2_ws/install/mobile_dd_robot:/home/ahmad/ros2_ws/install/my_robot_description:/home/ahmad/ros2_ws/install/fusion360_rviz_package:/opt/ros/humble:/home/ahmad/ros2_ws/install/Basic_Robot_description /usr/bin/cmake --install /home/ahmad/ros_wc/build/new_pkg
