-- Found ament_cmake: 1.3.10 (/opt/ros/humble/share/ament_cmake/cmake)
-- Override CMake install command with custom implementation using symlinks instead of copying resources
-- Found ament_lint_auto: 0.12.11 (/opt/ros/humble/share/ament_lint_auto/cmake)
-- Added test 'flake8' to check Python code syntax and style conventions
-- Added test 'lint_cmake' to check CMake code style
-- Added test 'pep257' to check Python code against some of the docstring style conventions in PEP 257
-- Added test 'xmllint' to check XML markup files
-- Configuring done
-- Generating done
-- Build files have been written to: /home/ahmad/ros_wc/build/new_pkg
-- Install configuration: ""
-- Execute custom install script
-- Symlinking: /home/ahmad/ros_wc/install/new_pkg/share/new_pkg/urdf/gazebo_cont.xacro
-- Up-to-date symlink: /home/ahmad/ros_wc/install/new_pkg/share/new_pkg/urdf/robot.urdf.xacro
-- Symlinking: /home/ahmad/ros_wc/install/new_pkg/share/new_pkg/urdf/robot_body.xacro
-- Up-to-date symlink: /home/ahmad/ros_wc/install/new_pkg/share/new_pkg/meshes/base_link.stl
-- Up-to-date symlink: /home/ahmad/ros_wc/install/new_pkg/share/new_pkg/meshes/camera.stl
-- Up-to-date symlink: /home/ahmad/ros_wc/install/new_pkg/share/new_pkg/meshes/left_wheel.stl
-- Up-to-date symlink: /home/ahmad/ros_wc/install/new_pkg/share/new_pkg/meshes/lidar.stl
-- Up-to-date symlink: /home/ahmad/ros_wc/install/new_pkg/share/new_pkg/meshes/right_wheel.stl
-- Up-to-date symlink: /home/ahmad/ros_wc/install/new_pkg/share/new_pkg/launch/new_launch.py
-- Up-to-date symlink: /home/ahmad/ros_wc/install/new_pkg/share/ament_index/resource_index/package_run_dependencies/new_pkg
-- Up-to-date symlink: /home/ahmad/ros_wc/install/new_pkg/share/ament_index/resource_index/parent_prefix_path/new_pkg
-- Up-to-date symlink: /home/ahmad/ros_wc/install/new_pkg/share/new_pkg/environment/ament_prefix_path.sh
-- Up-to-date symlink: /home/ahmad/ros_wc/install/new_pkg/share/new_pkg/environment/ament_prefix_path.dsv
-- Up-to-date symlink: /home/ahmad/ros_wc/install/new_pkg/share/new_pkg/environment/path.sh
-- Up-to-date symlink: /home/ahmad/ros_wc/install/new_pkg/share/new_pkg/environment/path.dsv
-- Up-to-date symlink: /home/ahmad/ros_wc/install/new_pkg/share/new_pkg/local_setup.bash
-- Up-to-date symlink: /home/ahmad/ros_wc/install/new_pkg/share/new_pkg/local_setup.sh
-- Up-to-date symlink: /home/ahmad/ros_wc/install/new_pkg/share/new_pkg/local_setup.zsh
-- Up-to-date symlink: /home/ahmad/ros_wc/install/new_pkg/share/new_pkg/local_setup.dsv
-- Symlinking: /home/ahmad/ros_wc/install/new_pkg/share/new_pkg/package.dsv
-- Up-to-date symlink: /home/ahmad/ros_wc/install/new_pkg/share/ament_index/resource_index/packages/new_pkg
-- Up-to-date symlink: /home/ahmad/ros_wc/install/new_pkg/share/new_pkg/cmake/new_pkgConfig.cmake
-- Up-to-date symlink: /home/ahmad/ros_wc/install/new_pkg/share/new_pkg/cmake/new_pkgConfig-version.cmake
-- Up-to-date symlink: /home/ahmad/ros_wc/install/new_pkg/share/new_pkg/package.xml
