[0.009s] Invoking command in '/home/ahmad/ros_wc/build/new_pkg': CMAKE_PREFIX_PATH=/home/ahmad/ros_wc/install/new_pkg:/home/ahmad/ros2_ws/install/mobile_dd_robot:/home/ahmad/ros2_ws/install/my_robot_description:/home/ahmad/ros2_ws/install/fusion360_rviz_package:/opt/ros/humble:/home/ahmad/ros2_ws/install/Basic_Robot_description /usr/bin/cmake /home/ahmad/ros_wc/src/new_pkg -DAMENT_CMAKE_SYMLINK_INSTALL=1 -DCMAKE_INSTALL_PREFIX=/home/ahmad/ros_wc/install/new_pkg
[0.021s] -- Found ament_cmake: 1.3.10 (/opt/ros/humble/share/ament_cmake/cmake)
[0.109s] -- Override CMake install command with custom implementation using symlinks instead of copying resources
[0.117s] -- Found ament_lint_auto: 0.12.11 (/opt/ros/humble/share/ament_lint_auto/cmake)
[0.169s] -- Added test 'flake8' to check Python code syntax and style conventions
[0.169s] -- Added test 'lint_cmake' to check CMake code style
[0.169s] -- Added test 'pep257' to check Python code against some of the docstring style conventions in PEP 257
[0.170s] -- Added test 'xmllint' to check XML markup files
[0.171s] -- Configuring done
[0.178s] -- Generating done
[0.179s] -- Build files have been written to: /home/ahmad/ros_wc/build/new_pkg
[0.182s] Invoked command in '/home/ahmad/ros_wc/build/new_pkg' returned '0': CMAKE_PREFIX_PATH=/home/ahmad/ros_wc/install/new_pkg:/home/ahmad/ros2_ws/install/mobile_dd_robot:/home/ahmad/ros2_ws/install/my_robot_description:/home/ahmad/ros2_ws/install/fusion360_rviz_package:/opt/ros/humble:/home/ahmad/ros2_ws/install/Basic_Robot_description /usr/bin/cmake /home/ahmad/ros_wc/src/new_pkg -DAMENT_CMAKE_SYMLINK_INSTALL=1 -DCMAKE_INSTALL_PREFIX=/home/ahmad/ros_wc/install/new_pkg
[0.183s] Invoking command in '/home/ahmad/ros_wc/build/new_pkg': CMAKE_PREFIX_PATH=/home/ahmad/ros_wc/install/new_pkg:/home/ahmad/ros2_ws/install/mobile_dd_robot:/home/ahmad/ros2_ws/install/my_robot_description:/home/ahmad/ros2_ws/install/fusion360_rviz_package:/opt/ros/humble:/home/ahmad/ros2_ws/install/Basic_Robot_description /usr/bin/cmake --build /home/ahmad/ros_wc/build/new_pkg -- -j20 -l20
[0.204s] Invoked command in '/home/ahmad/ros_wc/build/new_pkg' returned '0': CMAKE_PREFIX_PATH=/home/ahmad/ros_wc/install/new_pkg:/home/ahmad/ros2_ws/install/mobile_dd_robot:/home/ahmad/ros2_ws/install/my_robot_description:/home/ahmad/ros2_ws/install/fusion360_rviz_package:/opt/ros/humble:/home/ahmad/ros2_ws/install/Basic_Robot_description /usr/bin/cmake --build /home/ahmad/ros_wc/build/new_pkg -- -j20 -l20
[0.224s] Invoking command in '/home/ahmad/ros_wc/build/new_pkg': CMAKE_PREFIX_PATH=/home/ahmad/ros_wc/install/new_pkg:/home/ahmad/ros2_ws/install/mobile_dd_robot:/home/ahmad/ros2_ws/install/my_robot_description:/home/ahmad/ros2_ws/install/fusion360_rviz_package:/opt/ros/humble:/home/ahmad/ros2_ws/install/Basic_Robot_description /usr/bin/cmake --install /home/ahmad/ros_wc/build/new_pkg
[0.227s] -- Install configuration: ""
[0.228s] -- Execute custom install script
[0.228s] -- Symlinking: /home/ahmad/ros_wc/install/new_pkg/share/new_pkg/urdf/gazebo_cont.xacro
[0.233s] -- Up-to-date symlink: /home/ahmad/ros_wc/install/new_pkg/share/new_pkg/urdf/robot.urdf.xacro
[0.233s] -- Symlinking: /home/ahmad/ros_wc/install/new_pkg/share/new_pkg/urdf/robot_body.xacro
[0.237s] -- Up-to-date symlink: /home/ahmad/ros_wc/install/new_pkg/share/new_pkg/meshes/base_link.stl
[0.238s] -- Up-to-date symlink: /home/ahmad/ros_wc/install/new_pkg/share/new_pkg/meshes/camera.stl
[0.238s] -- Up-to-date symlink: /home/ahmad/ros_wc/install/new_pkg/share/new_pkg/meshes/left_wheel.stl
[0.238s] -- Up-to-date symlink: /home/ahmad/ros_wc/install/new_pkg/share/new_pkg/meshes/lidar.stl
[0.238s] -- Up-to-date symlink: /home/ahmad/ros_wc/install/new_pkg/share/new_pkg/meshes/right_wheel.stl
[0.238s] -- Up-to-date symlink: /home/ahmad/ros_wc/install/new_pkg/share/new_pkg/launch/new_launch.py
[0.238s] -- Up-to-date symlink: /home/ahmad/ros_wc/install/new_pkg/share/ament_index/resource_index/package_run_dependencies/new_pkg
[0.238s] -- Up-to-date symlink: /home/ahmad/ros_wc/install/new_pkg/share/ament_index/resource_index/parent_prefix_path/new_pkg
[0.238s] -- Up-to-date symlink: /home/ahmad/ros_wc/install/new_pkg/share/new_pkg/environment/ament_prefix_path.sh
[0.238s] -- Up-to-date symlink: /home/ahmad/ros_wc/install/new_pkg/share/new_pkg/environment/ament_prefix_path.dsv
[0.238s] -- Up-to-date symlink: /home/ahmad/ros_wc/install/new_pkg/share/new_pkg/environment/path.sh
[0.238s] -- Up-to-date symlink: /home/ahmad/ros_wc/install/new_pkg/share/new_pkg/environment/path.dsv
[0.239s] -- Up-to-date symlink: /home/ahmad/ros_wc/install/new_pkg/share/new_pkg/local_setup.bash
[0.239s] -- Up-to-date symlink: /home/ahmad/ros_wc/install/new_pkg/share/new_pkg/local_setup.sh
[0.239s] -- Up-to-date symlink: /home/ahmad/ros_wc/install/new_pkg/share/new_pkg/local_setup.zsh
[0.239s] -- Up-to-date symlink: /home/ahmad/ros_wc/install/new_pkg/share/new_pkg/local_setup.dsv
[0.239s] -- Symlinking: /home/ahmad/ros_wc/install/new_pkg/share/new_pkg/package.dsv
[0.244s] -- Up-to-date symlink: /home/ahmad/ros_wc/install/new_pkg/share/ament_index/resource_index/packages/new_pkg
[0.244s] -- Up-to-date symlink: /home/ahmad/ros_wc/install/new_pkg/share/new_pkg/cmake/new_pkgConfig.cmake
[0.244s] -- Up-to-date symlink: /home/ahmad/ros_wc/install/new_pkg/share/new_pkg/cmake/new_pkgConfig-version.cmake
[0.244s] -- Up-to-date symlink: /home/ahmad/ros_wc/install/new_pkg/share/new_pkg/package.xml
[0.245s] Invoked command in '/home/ahmad/ros_wc/build/new_pkg' returned '0': CMAKE_PREFIX_PATH=/home/ahmad/ros_wc/install/new_pkg:/home/ahmad/ros2_ws/install/mobile_dd_robot:/home/ahmad/ros2_ws/install/my_robot_description:/home/ahmad/ros2_ws/install/fusion360_rviz_package:/opt/ros/humble:/home/ahmad/ros2_ws/install/Basic_Robot_description /usr/bin/cmake --install /home/ahmad/ros_wc/build/new_pkg
