[0.552s] Invoking command in '/home/ahmad/ros/src/node_pkg': PYTHONPATH=/home/ahmad/ros/build/node_pkg/prefix_override:/usr/lib/python3/dist-packages/colcon_core/task/python/colcon_distutils_commands:/home/ahmad/ros/install/node_pkg/lib/python3.10/site-packages:${PYTHONPATH} /usr/bin/python3 -W ignore:setup.py install is deprecated setup.py egg_info --egg-base ../../build/node_pkg build --build-base /home/ahmad/ros/build/node_pkg/build install --record /home/ahmad/ros/build/node_pkg/install.log --single-version-externally-managed install_data
[0.757s] running egg_info
[0.757s] creating ../../build/node_pkg/node_pkg.egg-info
[0.758s] writing ../../build/node_pkg/node_pkg.egg-info/PKG-INFO
[0.758s] writing dependency_links to ../../build/node_pkg/node_pkg.egg-info/dependency_links.txt
[0.758s] writing entry points to ../../build/node_pkg/node_pkg.egg-info/entry_points.txt
[0.758s] writing requirements to ../../build/node_pkg/node_pkg.egg-info/requires.txt
[0.758s] writing top-level names to ../../build/node_pkg/node_pkg.egg-info/top_level.txt
[0.758s] writing manifest file '../../build/node_pkg/node_pkg.egg-info/SOURCES.txt'
[0.759s] reading manifest file '../../build/node_pkg/node_pkg.egg-info/SOURCES.txt'
[0.760s] writing manifest file '../../build/node_pkg/node_pkg.egg-info/SOURCES.txt'
[0.760s] running build
[0.760s] running build_py
[0.760s] creating /home/ahmad/ros/build/node_pkg/build
[0.761s] creating /home/ahmad/ros/build/node_pkg/build/lib
[0.761s] creating /home/ahmad/ros/build/node_pkg/build/lib/node_pkg
[0.761s] copying node_pkg/draw_node.py -> /home/ahmad/ros/build/node_pkg/build/lib/node_pkg
[0.761s] copying node_pkg/__init__.py -> /home/ahmad/ros/build/node_pkg/build/lib/node_pkg
[0.761s] copying node_pkg/node.py -> /home/ahmad/ros/build/node_pkg/build/lib/node_pkg
[0.761s] running install
[0.761s] running install_lib
[0.762s] creating /home/ahmad/ros/install/node_pkg/lib/python3.10/site-packages/node_pkg
[0.762s] copying /home/ahmad/ros/build/node_pkg/build/lib/node_pkg/draw_node.py -> /home/ahmad/ros/install/node_pkg/lib/python3.10/site-packages/node_pkg
[0.762s] copying /home/ahmad/ros/build/node_pkg/build/lib/node_pkg/__init__.py -> /home/ahmad/ros/install/node_pkg/lib/python3.10/site-packages/node_pkg
[0.762s] copying /home/ahmad/ros/build/node_pkg/build/lib/node_pkg/node.py -> /home/ahmad/ros/install/node_pkg/lib/python3.10/site-packages/node_pkg
[0.762s] byte-compiling /home/ahmad/ros/install/node_pkg/lib/python3.10/site-packages/node_pkg/draw_node.py to draw_node.cpython-310.pyc
[0.762s] byte-compiling /home/ahmad/ros/install/node_pkg/lib/python3.10/site-packages/node_pkg/__init__.py to __init__.cpython-310.pyc
[0.763s] byte-compiling /home/ahmad/ros/install/node_pkg/lib/python3.10/site-packages/node_pkg/node.py to node.cpython-310.pyc
[0.763s] running install_data
[0.763s] creating /home/ahmad/ros/install/node_pkg/share/ament_index
[0.763s] creating /home/ahmad/ros/install/node_pkg/share/ament_index/resource_index
[0.763s] creating /home/ahmad/ros/install/node_pkg/share/ament_index/resource_index/packages
[0.763s] copying resource/node_pkg -> /home/ahmad/ros/install/node_pkg/share/ament_index/resource_index/packages
[0.763s] copying package.xml -> /home/ahmad/ros/install/node_pkg/share/node_pkg
[0.764s] running install_egg_info
[0.765s] Copying ../../build/node_pkg/node_pkg.egg-info to /home/ahmad/ros/install/node_pkg/lib/python3.10/site-packages/node_pkg-0.0.0-py3.10.egg-info
[0.765s] running install_scripts
[0.783s] Installing caircul script to /home/ahmad/ros/install/node_pkg/lib/node_pkg
[0.783s] Installing lidar script to /home/ahmad/ros/install/node_pkg/lib/node_pkg
[0.784s] writing list of installed files to '/home/ahmad/ros/build/node_pkg/install.log'
[0.804s] Invoked command in '/home/ahmad/ros/src/node_pkg' returned '0': PYTHONPATH=/home/ahmad/ros/build/node_pkg/prefix_override:/usr/lib/python3/dist-packages/colcon_core/task/python/colcon_distutils_commands:/home/ahmad/ros/install/node_pkg/lib/python3.10/site-packages:${PYTHONPATH} /usr/bin/python3 -W ignore:setup.py install is deprecated setup.py egg_info --egg-base ../../build/node_pkg build --build-base /home/ahmad/ros/build/node_pkg/build install --record /home/ahmad/ros/build/node_pkg/install.log --single-version-externally-managed install_data
