-- Install configuration: ""
-- Up-to-date: /home/ahmad/ros/install/new_pkg/share/new_pkg/urdf
-- Up-to-date: /home/ahmad/ros/install/new_pkg/share/new_pkg/urdf/camera.xacro
-- Up-to-date: /home/ahmad/ros/install/new_pkg/share/new_pkg/urdf/lidar.xacro
-- Up-to-date: /home/ahmad/ros/install/new_pkg/share/new_pkg/urdf/robot_body.xacro
-- Up-to-date: /home/ahmad/ros/install/new_pkg/share/new_pkg/urdf/robot.urdf.xacro
-- Up-to-date: /home/ahmad/ros/install/new_pkg/share/new_pkg/urdf/gazebo_cont.xacro
-- Up-to-date: /home/ahmad/ros/install/new_pkg/share/new_pkg/meshes
-- Up-to-date: /home/ahmad/ros/install/new_pkg/share/new_pkg/meshes/camera.stl
-- Up-to-date: /home/ahmad/ros/install/new_pkg/share/new_pkg/meshes/lidar.stl
-- Up-to-date: /home/ahmad/ros/install/new_pkg/share/new_pkg/meshes/left_wheel.stl
-- Up-to-date: /home/ahmad/ros/install/new_pkg/share/new_pkg/meshes/base_link.stl
-- Up-to-date: /home/ahmad/ros/install/new_pkg/share/new_pkg/meshes/right_wheel.stl
-- Up-to-date: /home/ahmad/ros/install/new_pkg/share/new_pkg/launch
-- Installing: /home/ahmad/ros/install/new_pkg/share/new_pkg/launch/new_launch.py
-- Up-to-date: /home/ahmad/ros/install/new_pkg/share/ament_index/resource_index/package_run_dependencies/new_pkg
-- Up-to-date: /home/ahmad/ros/install/new_pkg/share/ament_index/resource_index/parent_prefix_path/new_pkg
-- Up-to-date: /home/ahmad/ros/install/new_pkg/share/new_pkg/environment/ament_prefix_path.sh
-- Up-to-date: /home/ahmad/ros/install/new_pkg/share/new_pkg/environment/ament_prefix_path.dsv
-- Up-to-date: /home/ahmad/ros/install/new_pkg/share/new_pkg/environment/path.sh
-- Up-to-date: /home/ahmad/ros/install/new_pkg/share/new_pkg/environment/path.dsv
-- Up-to-date: /home/ahmad/ros/install/new_pkg/share/new_pkg/local_setup.bash
-- Up-to-date: /home/ahmad/ros/install/new_pkg/share/new_pkg/local_setup.sh
-- Up-to-date: /home/ahmad/ros/install/new_pkg/share/new_pkg/local_setup.zsh
-- Up-to-date: /home/ahmad/ros/install/new_pkg/share/new_pkg/local_setup.dsv
-- Installing: /home/ahmad/ros/install/new_pkg/share/new_pkg/package.dsv
-- Up-to-date: /home/ahmad/ros/install/new_pkg/share/ament_index/resource_index/packages/new_pkg
-- Up-to-date: /home/ahmad/ros/install/new_pkg/share/new_pkg/cmake/new_pkgConfig.cmake
-- Up-to-date: /home/ahmad/ros/install/new_pkg/share/new_pkg/cmake/new_pkgConfig-version.cmake
-- Up-to-date: /home/ahmad/ros/install/new_pkg/share/new_pkg/package.xml
